
2/17/2017, 12:23:47 PM

Operating System
  Name                        = Mac OS X
  Version                     = 10.11.6
  Architecture                = 64bit
  # CPUs                      = 2
  Memory                      = 8589934592

Node.js
  Node.js Version             = 4.6.0
  npm Version                 = 2.15.9

Titanium CLI
  CLI Version                 = 5.0.11

Titanium SDK
  SDK Version                 = 5.5.0.GA
  SDK Path                    = /Users/aakashsharma/Library/Application Support/Titanium/mobilesdk/osx/5.5.0.GA
  Target Platform             = android

Command
  /usr/local/bin/node /Users/aakashsharma/.appcelerator/install/6.1.0/package/node_modules/titanium/lib/titanium.js build run --platform android --log-level trace --sdk 5.5.0.GA --project-dir /Users/aakashsharma/Desktop/testPickerWidget --target emulator --android-sdk /Volumes/Data/AndroidSdk/android-sdk-19 --device-id Samsung Galaxy S3 - 4.3 - API 18 - 720x1280 --skip-js-minify --no-colors --no-progress-bars --no-prompt --prompt-type socket-bundle --prompt-port 49221 --config-file /var/folders/td/t5m8knx97xb9yxqnc0rgf0n00000gq/T/build-1487314418399.json --no-banner --project-dir /Users/aakashsharma/Desktop/testPickerWidget

[DEBUG]  Detecting modules in /Users/aakashsharma/Library/Application Support/Titanium/modules
[DEBUG]  Detected android module: com.goyya.telephonymanager android @ /Users/aakashsharma/Library/Application Support/Titanium/modules/android/TelephonyManager-master/android
[DEBUG]  Detected android module: com.rkam.swiperefreshlayout android @ /Users/aakashsharma/Library/Application Support/Titanium/modules/android/Ti.SwipeRefreshLayout/android
[DEBUG]  Detected android module: bencoding.alarmmanager 0.13 @ /Users/aakashsharma/Library/Application Support/Titanium/modules/android/bencoding.alarmmanager/0.13
[DEBUG]  Detected android module: bencoding.android.tools 0.50 @ /Users/aakashsharma/Library/Application Support/Titanium/modules/android/bencoding.android.tools/0.50
[DEBUG]  Detected android module: br.com.arlsoft.pushclient 1.14 @ /Users/aakashsharma/Library/Application Support/Titanium/modules/android/br.com.arlsoft.pushclient/1.14
[DEBUG]  Detected android module: com.activate.musicplayer 0.1 @ /Users/aakashsharma/Library/Application Support/Titanium/modules/android/com.activate.musicplayer/0.1
[DEBUG]  Detected android module: com.alcoapps.actionbarextras 1.7.1 @ /Users/aakashsharma/Library/Application Support/Titanium/modules/android/com.alcoapps.actionbarextras/1.7.1
[DEBUG]  Detected android module: com.clever_apps.tinetworkinfo 1.0 @ /Users/aakashsharma/Library/Application Support/Titanium/modules/android/com.clever_apps.tinetworkinfo/1.0
[DEBUG]  Detected android module: com.goyya.telephonymanager 1.0.1 @ /Users/aakashsharma/Library/Application Support/Titanium/modules/android/com.goyya.telephonymanager/1.0.1
[DEBUG]  Detected android module: com.logicallabs.bluetooth 1.0.4 @ /Users/aakashsharma/Library/Application Support/Titanium/modules/android/com.logicallabs.bluetooth/1.0.4
[DEBUG]  Detected android module: com.novarum.bluetooth 1.0 @ /Users/aakashsharma/Library/Application Support/Titanium/modules/android/com.novarum.bluetooth/1.0
[DEBUG]  Detected android module: com.rkam.swiperefreshlayout 0.8 @ /Users/aakashsharma/Library/Application Support/Titanium/modules/android/com.rkam.swiperefreshlayout/0.8
[DEBUG]  Detected android module: com.tripvi.drawerlayout 1.4.1 @ /Users/aakashsharma/Library/Application Support/Titanium/modules/android/com.tripvi.drawerlayout/1.4.1
[DEBUG]  Detected android module: com.wikitude.ti 5.0.0 @ /Users/aakashsharma/Library/Application Support/Titanium/modules/android/com.wikitude.ti/5.0.0
[DEBUG]  Detected android module: dk.napp.drawer 1.1.3 @ /Users/aakashsharma/Library/Application Support/Titanium/modules/android/dk.napp.drawer/1.1.3
[DEBUG]  Detected android module: dk.napp.drawer 1.1.6 @ /Users/aakashsharma/Library/Application Support/Titanium/modules/android/dk.napp.drawer/1.1.6
[DEBUG]  Detected android module: dk.napp.drawer 1.1.7 @ /Users/aakashsharma/Library/Application Support/Titanium/modules/android/dk.napp.drawer/1.1.7
[DEBUG]  Detected android module: dk.napp.flashlight 1.0 @ /Users/aakashsharma/Library/Application Support/Titanium/modules/android/dk.napp.flashlight/1.0
[DEBUG]  Detected android module: facebook 3.0.3 @ /Users/aakashsharma/Library/Application Support/Titanium/modules/android/facebook/3.0.3
[DEBUG]  Detected android module: facebook 4.0.5 @ /Users/aakashsharma/Library/Application Support/Titanium/modules/android/facebook/4.0.5
[DEBUG]  Detected android module: facebook 5.0.0 @ /Users/aakashsharma/Library/Application Support/Titanium/modules/android/facebook/5.0.0
[DEBUG]  Detected android module: facebook 5.2.0 @ /Users/aakashsharma/Library/Application Support/Titanium/modules/android/facebook/5.2.0
[DEBUG]  Detected android module: facebook 6.0.1 @ /Users/aakashsharma/Library/Application Support/Titanium/modules/android/facebook/6.0.1
[DEBUG]  Detected android module: hyperloop 2.0.0 @ /Users/aakashsharma/Library/Application Support/Titanium/modules/android/hyperloop/2.0.0
[DEBUG]  Detected android module: jp.co.so2.pinch 0.1 @ /Users/aakashsharma/Library/Application Support/Titanium/modules/android/jp.co.so2.pinch/0.1
[DEBUG]  Detected android module: net.iamyellow.gcmjs 0.2 @ /Users/aakashsharma/Library/Application Support/Titanium/modules/android/net.iamyellow.gcmjs/0.2
[DEBUG]  Detected android module: net.iamyellow.gcmjs 0.3 @ /Users/aakashsharma/Library/Application Support/Titanium/modules/android/net.iamyellow.gcmjs/0.3
[DEBUG]  Detected android module: org.iotashan.TiTouchImageView 1.0.2 @ /Users/aakashsharma/Library/Application Support/Titanium/modules/android/org.iotashan.titouchimageview/1.0.2
[DEBUG]  Detected android module: org.selfkleptomaniac.ti.mod.cropimage 0.2 @ /Users/aakashsharma/Library/Application Support/Titanium/modules/android/org.selfkleptomaniac.ti.mod.cropimage/0.2
[DEBUG]  Detected android module: ti.android.sms 1.0.0 @ /Users/aakashsharma/Library/Application Support/Titanium/modules/android/ti.android.sms/1.0.0
[DEBUG]  Detected android module: ti.cloudpush 4.0.3 @ /Users/aakashsharma/Library/Application Support/Titanium/modules/android/ti.cloudpush/4.0.3
[DEBUG]  Detected android module: ti.goosh 2.0.0 @ /Users/aakashsharma/Library/Application Support/Titanium/modules/android/ti.goosh/2.0.0
[DEBUG]  Detected android module: ti.imagefactory 2.2.2 @ /Users/aakashsharma/Library/Application Support/Titanium/modules/android/ti.imagefactory/2.2.2
[DEBUG]  Detected android module: ti.map 2.2.3 @ /Users/aakashsharma/Library/Application Support/Titanium/modules/android/ti.map/2.2.3
[DEBUG]  Detected android module: ti.map 2.3.10 @ /Users/aakashsharma/Library/Application Support/Titanium/modules/android/ti.map/2.3.10
[DEBUG]  Detected android module: ti.map 2.3.4 @ /Users/aakashsharma/Library/Application Support/Titanium/modules/android/ti.map/2.3.4
[DEBUG]  Detected android module: ti.mediapicker 1.0.2 @ /Users/aakashsharma/Library/Application Support/Titanium/modules/android/ti.mediapicker/1.0.2
[DEBUG]  Detected android module: ti.paint 2.0.4 @ /Users/aakashsharma/Library/Application Support/Titanium/modules/android/ti.paint/2.0.4
[DEBUG]  Detected android module: ti.physicalSizeCategory 1.0 @ /Users/aakashsharma/Library/Application Support/Titanium/modules/android/ti.physicalsizecategory/1.0
[DEBUG]  Detected android module: ti.sq 0.2 @ /Users/aakashsharma/Library/Application Support/Titanium/modules/android/ti.sq/0.2
[DEBUG]  Detected android module: ti.touchid 2.0.1 @ /Users/aakashsharma/Library/Application Support/Titanium/modules/android/ti.touchid/2.0.1
[DEBUG]  Detected android module: titutorial.audiorecorder 0.1 @ /Users/aakashsharma/Library/Application Support/Titanium/modules/android/titutorial.audiorecorder/0.1
[DEBUG]  Detected commonjs module: ti.cloud 3.2.11 @ /Users/aakashsharma/Library/Application Support/Titanium/modules/commonjs/ti.cloud/3.2.11
[DEBUG]  Detected commonjs module: ti.cloud 3.2.7 @ /Users/aakashsharma/Library/Application Support/Titanium/modules/commonjs/ti.cloud/3.2.7
[DEBUG]  Detected commonjs module: ti.cloud 3.2.9 @ /Users/aakashsharma/Library/Application Support/Titanium/modules/commonjs/ti.cloud/3.2.9
[DEBUG]  Detected iphone module: bencoding.blur 0.5.0 @ /Users/aakashsharma/Library/Application Support/Titanium/modules/iphone/bencoding.blur/0.5.0
[DEBUG]  Detected iphone module: bencoding.utterance 0.4 @ /Users/aakashsharma/Library/Application Support/Titanium/modules/iphone/bencoding.utterance/0.4
[DEBUG]  Detected iphone module: com.appcelerator.urlSession 1.1.0 @ /Users/aakashsharma/Library/Application Support/Titanium/modules/iphone/com.appcelerator.urlSession/1.1.0
[DEBUG]  Detected iphone module: com.appcelerator.urlSession 2.0.0 @ /Users/aakashsharma/Library/Application Support/Titanium/modules/iphone/com.appcelerator.urlSession/2.0.0
[DEBUG]  Detected iphone module: com.gs.calendar 0.1 @ /Users/aakashsharma/Library/Application Support/Titanium/modules/iphone/com.gs.calendar/0.1
[DEBUG]  Detected iphone module: com.joseandro.uniqueids 1.0 @ /Users/aakashsharma/Library/Application Support/Titanium/modules/iphone/com.joseandro.uniqueids 2/1.0
[DEBUG]  Detected iphone module: com.kosso.qrblobreader 0.1 @ /Users/aakashsharma/Library/Application Support/Titanium/modules/iphone/com.kosso.qrblobreader/0.1
[DEBUG]  Detected iphone module: com.wikitude.ti 5.0.0 @ /Users/aakashsharma/Library/Application Support/Titanium/modules/iphone/com.wikitude.ti/5.0.0
[DEBUG]  Detected iphone module: de.codewave.ti.mediacontrols 4.2 @ /Users/aakashsharma/Library/Application Support/Titanium/modules/iphone/de.codewave.ti.mediacontrols/4.2
[DEBUG]  Detected iphone module: de.marcelpociot.assetlibrary 1.0 @ /Users/aakashsharma/Library/Application Support/Titanium/modules/iphone/de.marcelpociot.assetlibrary/1.0
[DEBUG]  Detected iphone module: de.marcelpociot.circularprogress 1.1 @ /Users/aakashsharma/Library/Application Support/Titanium/modules/iphone/de.marcelpociot.circularprogress/1.1
[DEBUG]  Detected iphone module: de.marcelpociot.sidemenu 2.2 @ /Users/aakashsharma/Library/Application Support/Titanium/modules/iphone/de.marcelpociot.sidemenu/2.2
[DEBUG]  Detected iphone module: dk.napp.slidemenu 1.4.3 @ /Users/aakashsharma/Library/Application Support/Titanium/modules/iphone/dk.napp.slidemenu/1.4.3
[DEBUG]  Detected iphone module: dk.napp.social 1.8 @ /Users/aakashsharma/Library/Application Support/Titanium/modules/iphone/dk.napp.social/1.8
[DEBUG]  Detected iphone module: hyperloop 1.2.7 @ /Users/aakashsharma/Library/Application Support/Titanium/modules/iphone/hyperloop/1.2.7
[DEBUG]  Detected iphone module: hyperloop 2.0.0 @ /Users/aakashsharma/Library/Application Support/Titanium/modules/iphone/hyperloop/2.0.0
[DEBUG]  Detected iphone module: ti.coremotion 2.0.0 @ /Users/aakashsharma/Library/Application Support/Titanium/modules/iphone/ti.coremotion/2.0.0
[DEBUG]  Detected iphone module: ti.imagefactory 1.2.0 @ /Users/aakashsharma/Library/Application Support/Titanium/modules/iphone/ti.imagefactory/1.2.0
[DEBUG]  Detected iphone module: ti.imagefactory 1.2.0 @ /Users/aakashsharma/Library/Application Support/Titanium/modules/iphone/ti.imagefactory 12.51.36 PM/1.2.0
[DEBUG]  Detected iphone module: ti.map 2.2.0 @ /Users/aakashsharma/Library/Application Support/Titanium/modules/iphone/ti.map/2.2.0
[DEBUG]  Detected iphone module: ti.map 2.4.1 @ /Users/aakashsharma/Library/Application Support/Titanium/modules/iphone/ti.map/2.4.1
[DEBUG]  Detected iphone module: ti.map 2.7.1 @ /Users/aakashsharma/Library/Application Support/Titanium/modules/iphone/ti.map/2.7.1
[DEBUG]  Detected iphone module: ti.mediapicker 1.0.4 @ /Users/aakashsharma/Library/Application Support/Titanium/modules/iphone/ti.mediapicker/1.0.4
[DEBUG]  Detected iphone module: ti.onetok 0.2 @ /Users/aakashsharma/Library/Application Support/Titanium/modules/iphone/ti.onetok/0.2
[DEBUG]  Detected iphone module: ti.opengl 2.0.2 @ /Users/aakashsharma/Library/Application Support/Titanium/modules/iphone/ti.opengl/2.0.2
[DEBUG]  Detected iphone module: ti.paint 1.4.0 @ /Users/aakashsharma/Library/Application Support/Titanium/modules/iphone/ti.paint/1.4.0
[DEBUG]  Detected iphone module: ti.safaridialog 1.1.1 @ /Users/aakashsharma/Library/Application Support/Titanium/modules/iphone/ti.safaridialog/1.1.1
[DEBUG]  Detected iphone module: ti.sq 0.5 @ /Users/aakashsharma/Library/Application Support/Titanium/modules/iphone/ti.sq/0.5
[DEBUG]  Detected iphone module: ti.storekit 3.0.0 @ /Users/aakashsharma/Library/Application Support/Titanium/modules/iphone/ti.storekit/3.0.0
[DEBUG]  Detected iphone module: ti.storekit 3.1.2 @ /Users/aakashsharma/Library/Application Support/Titanium/modules/iphone/ti.storekit/3.1.2
[DEBUG]  Detected iphone module: ti.touchid 1.2.2 @ /Users/aakashsharma/Library/Application Support/Titanium/modules/iphone/ti.touchid/1.2.2
[DEBUG]  Looking for Titanium module id=ti.cloud version=latest platform=commonjs deploy-type=development
[INFO]   Found Titanium module id=ti.cloud version=3.2.9 platform=commonjs deploy-type=development path=/Users/aakashsharma/Library/Application Support/Titanium/modules/commonjs/ti.cloud/3.2.9
[INFO]   Found better matching module id=ti.cloud version=latest platform=commonjs deploy-type=development path=/Users/aakashsharma/Library/Application Support/Titanium/modules/commonjs/ti.cloud/3.2.11
[DEBUG]  Detecting plugins in /Users/aakashsharma/Desktop/testPickerWidget/plugins
[DEBUG]  Detected plugin: ti.alloy @ /Users/aakashsharma/Desktop/testPickerWidget/plugins/ti.alloy
[DEBUG]  Detecting plugins in /Users/aakashsharma/Library/Application Support/Titanium/plugins
[DEBUG]  Detected plugin: hyperloop 2.0.0 @ /Users/aakashsharma/Library/Application Support/Titanium/plugins/hyperloop/2.0.0
[DEBUG]  Looking for Titanium plugin id=ti.alloy version=1.0
[INFO]   Found Titanium plugin id=ti.alloy version=1.0 
[DEBUG]  Titanium SDK Android directory: /Users/aakashsharma/Library/Application Support/Titanium/mobilesdk/osx/5.5.0.GA/android
[INFO]   Deploy type: development
[INFO]   Building for target: emulator
[INFO]   Building for emulator: Samsung Galaxy S3 - 4.3 - API 18 - 720x1280
[INFO]   Targeting Android SDK API: 23
[INFO]   Building for the following architectures: armeabi, armeabi-v7a, x86
[INFO]   Signing with keystore: /Users/aakashsharma/Library/Application Support/Titanium/mobilesdk/osx/5.5.0.GA/android/dev_keystore (tidev)
[DEBUG]  App ID: com.cdn
[DEBUG]  Classname: Testpickerwidget
[INFO]   Debugging disabled
[INFO]   Profiler disabled
[INFO]   Forcing rebuild: /Users/aakashsharma/Desktop/testPickerWidget/build/android/build-manifest.json does not exist
[INFO]   Found Alloy app in /Users/aakashsharma/Desktop/testPickerWidget/app
[INFO]   Executing Alloy compile: /usr/local/bin/node /Users/aakashsharma/.appcelerator/install/6.1.0/package/node_modules/alloy/bin/alloy compile /Users/aakashsharma/Desktop/testPickerWidget/app --config platform=android,version=0,simtype=none,devicefamily=none,deploytype=development,target=emulator --no-colors
[DEBUG]         .__  .__                
[DEBUG]  _____  |  | |  |   ____ ___.__.
[DEBUG]  \__  \ |  | |  |  /  _ <   |  |
[DEBUG]   / __ \|  |_|  |_(  <_> )___  |
[DEBUG]  (____  /____/____/\____// ____|
[DEBUG]       \/                 \/
[DEBUG]  Alloy 1.9.5 by Appcelerator. The MVC app framework for Titanium.
[DEBUG]  ----- CONFIGURATION -----
[DEBUG]  raw config = "platform=android,version=0,simtype=none,devicefamily=none,deploytype=development,target=emulator"
[DEBUG]  platform = android
[DEBUG]  version = 0
[DEBUG]  simtype = none
[DEBUG]  devicefamily = none
[DEBUG]  deploytype = development
[DEBUG]  target = emulator
[DEBUG]  project path = /Users/aakashsharma/Desktop/testPickerWidget
[DEBUG]  app path = /Users/aakashsharma/Desktop/testPickerWidget/app
[DEBUG]  
[WARN]   Generated "/i18n" directory is not ignored by Git, please add it to your .gitignore
[WARN]   Generated "/platform" directory is not ignored by Git, please add it to your .gitignore
[DEBUG]  
[DEBUG]  ----- CONFIG.JSON -----
[DEBUG]  dependencies = {"datePicker":"1.0"}
[INFO]   [config.json] regenerating CFG.js from config.json...
[DEBUG]  {
[DEBUG]  "dependencies": {
[DEBUG]  "datePicker": "1.0"
[DEBUG]  },
[DEBUG]  "sourcemap": true,
[DEBUG]  "autoStyle": false,
[DEBUG]  "adapters": [
[DEBUG]  "localStorage",
[DEBUG]  "properties",
[DEBUG]  "sql"
[DEBUG]  ]
[DEBUG]  }
[DEBUG]  
[DEBUG]  ----- CLEANING RESOURCES -----
[DEBUG]  Removing orphaned controllers ...
[DEBUG]  Removing orphaned models ...
[DEBUG]  Removing orphaned styles ...
[DEBUG]  Removing orphaned sync adapters...
[DEBUG]  Removing orphaned assets and libs...
[DEBUG]  
[DEBUG]  ----- BASE RUNTIME FILES -----
[TRACE]  SRC_DIR=/Users/aakashsharma/.appcelerator/install/6.1.0/package/node_modules/alloy/Alloy/lib
[TRACE]  Copying SRC_DIR/alloy/sync/sql.js --> Resources/android/alloy/sync/sql.js
[TRACE]  Copying SRC_DIR/alloy/sync/properties.js --> Resources/android/alloy/sync/properties.js
[TRACE]  Copying SRC_DIR/alloy/sync/localStorage.js --> Resources/android/alloy/sync/localStorage.js
[TRACE]  Copying SRC_DIR/alloy/controllers/BaseController.js --> Resources/android/alloy/controllers/BaseController.js
[TRACE]  Copying SRC_DIR/alloy/widget.js --> Resources/android/alloy/widget.js
[TRACE]  Copying SRC_DIR/alloy/underscore.js --> Resources/android/alloy/underscore.js
[TRACE]  
[TRACE]  Generating ../../../../../../Users/aakashsharma/Desktop/testPickerWidget/Resources/android/alloy.js
[TRACE]  SRC_DIR=/Users/aakashsharma/.appcelerator/install/6.1.0/package/node_modules/alloy/Alloy/common
[TRACE]  Copying SRC_DIR/constants.js --> Resources/android/alloy/constants.js
[TRACE]  
[TRACE]  SRC_DIR=/Users/aakashsharma/Desktop/testPickerWidget/app/assets
[TRACE]  Copying SRC_DIR/android/appicon.png --> Resources/android/appicon.png
[TRACE]  Copying SRC_DIR/android/default.png --> Resources/android/default.png
[TRACE]  Creating directory Resources/android/images
[TRACE]  Creating directory Resources/android/images/res-long-land-hdpi
[TRACE]  Creating directory Resources/android/images/res-long-land-ldpi
[TRACE]  Creating directory Resources/android/images/res-long-land-mdpi
[TRACE]  Creating directory Resources/android/images/res-long-port-hdpi
[TRACE]  Creating directory Resources/android/images/res-long-port-ldpi
[TRACE]  Creating directory Resources/android/images/res-notlong-land-hdpi
[TRACE]  Creating directory Resources/android/images/res-notlong-land-ldpi
[TRACE]  Creating directory Resources/android/images/res-notlong-land-mdpi
[TRACE]  Creating directory Resources/android/images/res-notlong-port-hdpi
[TRACE]  Creating directory Resources/android/images/res-notlong-port-ldpi
[TRACE]  Creating directory Resources/android/images/res-notlong-port-mdpi
[TRACE]  Copying SRC_DIR/android/images/res-long-land-hdpi/default.png --> Resources/android/images/res-long-land-hdpi/default.png
[TRACE]  Copying SRC_DIR/android/images/res-long-land-ldpi/default.png --> Resources/android/images/res-long-land-ldpi/default.png
[TRACE]  Copying SRC_DIR/android/images/res-long-land-mdpi/default.png --> Resources/android/images/res-long-land-mdpi/default.png
[TRACE]  Copying SRC_DIR/android/images/res-long-port-hdpi/default.png --> Resources/android/images/res-long-port-hdpi/default.png
[TRACE]  Copying SRC_DIR/android/images/res-long-port-ldpi/default.png --> Resources/android/images/res-long-port-ldpi/default.png
[TRACE]  Copying SRC_DIR/android/images/res-notlong-land-hdpi/default.png --> Resources/android/images/res-notlong-land-hdpi/default.png
[TRACE]  Copying SRC_DIR/android/images/res-notlong-land-ldpi/default.png --> Resources/android/images/res-notlong-land-ldpi/default.png
[TRACE]  Copying SRC_DIR/android/images/res-notlong-land-mdpi/default.png --> Resources/android/images/res-notlong-land-mdpi/default.png
[TRACE]  Copying SRC_DIR/android/images/res-notlong-port-hdpi/default.png --> Resources/android/images/res-notlong-port-hdpi/default.png
[TRACE]  Copying SRC_DIR/android/images/res-notlong-port-ldpi/default.png --> Resources/android/images/res-notlong-port-ldpi/default.png
[TRACE]  Copying SRC_DIR/android/images/res-notlong-port-mdpi/default.png --> Resources/android/images/res-notlong-port-mdpi/default.png
[TRACE]  
[DEBUG]  Resetting /Users/aakashsharma/Desktop/testPickerWidget/platform/android
[DEBUG]  Copying /Users/aakashsharma/Desktop/testPickerWidget/app/platform/android --> /Users/aakashsharma/Desktop/testPickerWidget/platform/android
[DEBUG]  
[DEBUG]  Resetting /Users/aakashsharma/Desktop/testPickerWidget/i18n
[DEBUG]  
[INFO]   ----- MVC GENERATION -----
[INFO]   [app.tss] global style processing...
[INFO]   [global style] writing to cache...
[INFO]   [widget.xml] datePicker view processing...
[INFO]   style:      "widget.tss"
[INFO]   view:       "widget.xml"
[INFO]   controller: "widget.js"
[TRACE]  WIDGET_SRC=app/widgets/datePicker/assets
[TRACE]  
[TRACE]  - Processing "builtins" module...
[TRACE]  - Processing "optimizer" module...
[TRACE]  - Processing "compress" module...
[INFO]   created:    "Resources/android/alloy/widgets/datePicker/controllers/widget.js"
[DEBUG]  map:        "build/map/Resources/android/alloy/widgets/datePicker/controllers/widget.js.map"
[INFO]   created:     "Resources/android/alloy/widgets/datePicker/styles/widget.js"
[INFO]   [index.xml] view processing...
[INFO]   style:      "index.tss"
[INFO]   view:       "index.xml"
[INFO]   controller: "index.js"
[TRACE]  - Processing "builtins" module...
[TRACE]  - Processing "optimizer" module...
[TRACE]  - Processing "compress" module...
[INFO]   created:    "Resources/android/alloy/controllers/index.js"
[DEBUG]  map:        "build/map/Resources/android/alloy/controllers/index.js.map"
[INFO]   created:     "Resources/android/alloy/styles/index.js"
[INFO]   
[INFO]   [app.js] Titanium entry point processing...
[TRACE]  - Processing "builtins" module...
[TRACE]  - Processing "optimizer" module...
[TRACE]  - Processing "compress" module...
[INFO]   created:    "Resources/android/app.js"
[DEBUG]  map:        "build/map/Resources/android/app.js.map"
[INFO]   
[INFO]   ----- OPTIMIZING -----
[INFO]   - android/alloy.js
[TRACE]  processing "builtins" module...
[TRACE]  processing "optimizer" module...
[TRACE]  processing "compress" module...
[INFO]   - android/alloy/sync/localStorage.js
[TRACE]  processing "builtins" module...
[TRACE]  processing "optimizer" module...
[TRACE]  processing "compress" module...
[INFO]   - android/alloy/sync/properties.js
[TRACE]  processing "builtins" module...
[TRACE]  processing "optimizer" module...
[TRACE]  processing "compress" module...
[INFO]   - android/alloy/sync/sql.js
[TRACE]  processing "builtins" module...
[TRACE]  processing "optimizer" module...
[TRACE]  processing "compress" module...
[INFO]   - android/alloy/widgets/datePicker/controllers/widget.js
[TRACE]  processing "builtins" module...
[TRACE]  processing "optimizer" module...
[TRACE]  processing "compress" module...
[INFO]   - android/alloy/widgets/datePicker/styles/widget.js
[TRACE]  processing "builtins" module...
[TRACE]  processing "optimizer" module...
[TRACE]  processing "compress" module...
[TRACE]  
[TRACE]  Benchmarking
[TRACE]  ------------
[TRACE]  [1.7231s] TOTAL
[INFO]   
[INFO]   Alloy compiled in 1.7231s
[INFO]   Alloy compiler completed successfully
[INFO]   Launching emulator: Samsung Galaxy S3 - 4.3 - API 18 - 720x1280
[TRACE]  Starting emulator: Samsung Galaxy S3 - 4.3 - API 18 - 720x1280
[TRACE]  Checking if emulator Samsung Galaxy S3 - 4.3 - API 18 - 720x1280 is running...
[TRACE]  Detecting if Samsung Galaxy S3 - 4.3 - API 18 - 720x1280 exists...
[TRACE]  Found 4 emulators
[TRACE]  Emulator exists, detecting all running emulators and connected devices...
[TRACE]  Detected 1 running emulators and connected devices
[TRACE]  Checking 1 devices to see if it's the emulator we want
[TRACE]  The emulator is running
[INFO]   Emulator already running
[TRACE]  Checking the boot state for the next 240000 ms
[TRACE]  Waiting for emulator to register with ADB
[TRACE]  Emulator process started
[TRACE]  offline build file /var/folders/td/t5m8knx97xb9yxqnc0rgf0n00000gq/T/build-ffc8934f3f3e7f20180bad2ba0d045f63b519bad.json
[TRACE]  Found 1 devices, checking if any of them are the emulator...
[TRACE]  Emulator is running!
[TRACE]  Checking if boot animation has finished...
[TRACE]  Emulator is booted, emitting booted event
[INFO]   Emulator is booted
[INFO]   SD card not required, skipping mount check
[INFO]   Emulator ready!
[TRACE]  online 1
[TRACE]  sending request {"json":{"username":"aakashsharma@cdnsol.com","session":"7e7d9cfe357b75ab2d1c68c6600aa9f7f1b94d90 xLHi/hYT+Jp72goQvyvc4IX/zcyJNavH7oASBvjaCJALLZKg2b1yWvyNkXdPCycXWBAW4qOcukWN4wROUo0YGD7sV8019dALqFMca6WTewhGjDBwXGZWb+bfhQh/fVmXnzgudGTMfR3UNRKUaJz7tGWX5bSwhyj2s4becvF44djYQqBUIhs3L0V6j5piSLa/fl8titF0wdytyNiDyvtKELLgwKTXsAB0PhB6MMqp6hwWHO2crerifWsmntkG89ztzGvF4x/emhSEOexHXStlSjqCT1Yc0f1In583lKfFJuo1yXyksOnTZd+yhaHxBVIBoeuIbN9HNlU75Pz5BVMAykJTMZyz570uTkjQSiWD0CNnzt9dq3nzIlZYeYb+e2Sd/MhrURUy4U4odJLAukmjbBh15SI/xOyMFF0hbDKBlb5eGcNPhtD3PKFxdXGdwWmbUEHf4H6BwQhJAmUsn7+dgHZrlOvsltRwf2x6DIeKgzRaaQSS+aTHZ8ymXPGIHrSseSWaeXL6Ntf9fqYfRIS4QLwM+NFtQw2hZzUE7OOYKVIneo5Llhohdbn7j7FEljaUvQk4KEvojIVYQsD/28ZNfy0Jei7tlsBpE4gfpuAJoGPdyxSNd3otNipAvGEFO9s3CBfq59Klv1ZxU3qxH70vg3vJ5OFxlng36uYSMcU7dd/KTvwzw0TkHeA7CptxgrWXRMwK5iQltuKgqvQRVAJX1K6CVTxniFssKwQ4QZK+zXqiSgXUo+HffXulh7WOlKH2JUMTvIic0n6dIW7UJP9h0y5TVz9DV3kuDDx54u/ofys=","ipaddress":"192.168.0.50","fingerprint":"2d120f78196d834f2b17d0f1420dea98b813aa58","fingerprint_description":"Mac OSX Serial Number: C07DJ5QKDD6H","guid":"3275ad89-d4b5-461f-9111-65074bbac5cc","appid":"com.cdn","name":"testPickerWidget","org_id":248924963409081,"deploytype":"development","tiappxml":"<?xml version=\"1.0\" encoding=\"UTF-8\"?>\n<ti:app \n  xmlns:ti=\"http://ti.appcelerator.org\">\n  <id>com.cdn</id>\n  <name>testPickerWidget</name>\n  <version>1.0</version>\n  <publisher>aakashsharma</publisher>\n  <url/>\n  <description>undefined</description>\n  <copyright>2017 by imranansari</copyright>\n  <icon>appicon.png</icon>\n  <fullscreen>false</fullscreen>\n  <navbar-hidden>false</navbar-hidden>\n  <analytics>true</analytics>\n  <guid>3275ad89-d4b5-461f-9111-65074bbac5cc</guid>\n  <property name=\"ti.ui.defaultunit\" type=\"string\">dp</property>\n  <property name=\"run-on-main-thread\" type=\"bool\">***</property>\n  <ios>\n    <enable-launch-screen-storyboard>true</enable-launch-screen-storyboard>\n    <use-app-thinning>true</use-app-thinning>\n    <plist>\n      <dict>\n        <key>UISupportedInterfaceOrientations~iphone</key>\n        <array>\n          <string>UIInterfaceOrientationPortrait</string>\n        </array>\n        <key>UISupportedInterfaceOrientations~ipad</key>\n        <array>\n          <string>UIInterfaceOrientationPortrait</string>\n          <string>UIInterfaceOrientationPortraitUpsideDown</string>\n          <string>UIInterfaceOrientationLandscapeLeft</string>\n          <string>UIInterfaceOrientationLandscapeRight</string>\n        </array>\n        <key>UIRequiresPersistentWiFi</key>\n        <false/>\n        <key>UIPrerenderedIcon</key>\n        <false/>\n        <key>UIStatusBarHidden</key>\n        <false/>\n        <key>UIStatusBarStyle</key>\n        <string>UIStatusBarStyleDefault</string>\n      </dict>\n    </plist>\n  </ios>\n  <android \n    xmlns:android=\"http://schemas.android.com/apk/res/android\"/>\n    <mobileweb>\n      <precache/>\n      <splash>\n        <enabled>true</enabled>\n        <inline-css-images>true</inline-css-images>\n      </splash>\n      <theme>default</theme>\n    </mobileweb>\n    <modules>\n      <module platform=\"commonjs\">ti.cloud</module>\n    </modules>\n    <deployment-targets>\n      <target device=\"android\">true</target>\n      <target device=\"ipad\">true</target>\n      <target device=\"iphone\">true</target>\n      <target device=\"mobileweb\">false</target>\n      <target device=\"windows\">false</target>\n    </deployment-targets>\n    <sdk-version>5.5.0.GA</sdk-version>\n    <plugins>\n      <plugin version=\"1.0\">ti.alloy</plugin>\n    </plugins>\n    <property name=\"appc-app-id\" type=\"string\">58a578d4b40d1c4d3e2fbf25</property>\n    <property name=\"acs-authbase-url-development\" type=\"string\">***</property>\n    <property name=\"acs-base-url-development\" type=\"string\">***</property>\n    <property name=\"acs-oauth-secret-development\" type=\"string\">***</property>\n    <property name=\"acs-oauth-key-development\" type=\"string\">***</property>\n    <property name=\"acs-api-key-development\" type=\"string\">***</property>\n    <property name=\"acs-username-development\" type=\"string\">***</property>\n    <property name=\"acs-password-development\" type=\"string\">***</property>\n    <property name=\"acs-authbase-url-production\" type=\"string\">***</property>\n    <property name=\"acs-base-url-production\" type=\"string\">***</property>\n    <property name=\"acs-oauth-secret-production\" type=\"string\">***</property>\n    <property name=\"acs-oauth-key-production\" type=\"string\">***</property>\n    <property name=\"acs-api-key-production\" type=\"string\">***</property>\n    <property name=\"acs-username-production\" type=\"string\">***</property>\n    <property name=\"acs-password-production\" type=\"string\">***</property>\n    <property name=\"appc-org-id\" type=\"string\">100064922</property>\n    <property name=\"appc-creator-user-id\" type=\"string\">173d744e-d0d7-4e43-84c4-ce14f0cbf597</property>\n  </ti:app>","modules":[{"id":"ti.cloud","platform":["commonjs"],"deployType":["development"],"modulePath":"/Users/aakashsharma/Library/Application Support/Titanium/modules/commonjs/ti.cloud/3.2.11","version":"3.2.11","manifest":{"version":"3.2.11","description":"Appcelerator Cloud Services","author":"Dawson Toth, Jeff English, Jon Alter, Paul Lv, Michael Goff, and Pedro Enrique","license":"Appcelerator Commercial License","copyright":"Copyright (c) 2011-2014 by Appcelerator,  Inc.","name":"ti.cloud","moduleid":"ti.cloud","guid":"1056b5d2-2bb5-4339-b930-297637aeec4e","platform":"commonjs","minsdk":"2.1.0"},"native":false,"libFile":"/Users/aakashsharma/Library/Application Support/Titanium/modules/commonjs/ti.cloud/3.2.11/ti.cloud.js"}]},"gzip":true,"followAllRedirects":true,"url":"https://security.appcelerator.com/build-verify"}
[TRACE]  result from /build-verify=> {"key":"m/LvzRHsbyAsMvJ7s33MUg==","pepper":"MaRYasEq+SFbTc+rfgKgSA==","hmacKey":"7nYfz7rACyuLyAwKHEvAzg==","o":248924963409081,"u":"bc969a1d-b361-4820-a222-4a0c42298f1d","p":"free","i":"58a69cbb8d8e1b094a8f258e","success":true}, err=null
[INFO]   JavaScript files need to be encrypted
[DEBUG]  Copying /Users/aakashsharma/Desktop/testPickerWidget/Resources
[DEBUG]  Ignoring /Users/aakashsharma/Desktop/testPickerWidget/Resources/android
[DEBUG]  Copying /Users/aakashsharma/Desktop/testPickerWidget/Resources/android
[DEBUG]  Symlinking /Users/aakashsharma/Desktop/testPickerWidget/Resources/android/appicon.png => /Users/aakashsharma/Desktop/testPickerWidget/build/android/bin/assets/Resources/appicon.png
[DEBUG]  Symlinking /Users/aakashsharma/Desktop/testPickerWidget/Resources/android/default.png => /Users/aakashsharma/Desktop/testPickerWidget/build/android/res/drawable/background.png
[DEBUG]  Symlinking /Users/aakashsharma/Desktop/testPickerWidget/Resources/android/images/res-long-land-hdpi/default.png => /Users/aakashsharma/Desktop/testPickerWidget/build/android/res/drawable-long-land-hdpi/background.png
[DEBUG]  Symlinking /Users/aakashsharma/Desktop/testPickerWidget/Resources/android/images/res-long-land-ldpi/default.png => /Users/aakashsharma/Desktop/testPickerWidget/build/android/res/drawable-long-land-ldpi/background.png
[DEBUG]  Symlinking /Users/aakashsharma/Desktop/testPickerWidget/Resources/android/images/res-long-land-mdpi/default.png => /Users/aakashsharma/Desktop/testPickerWidget/build/android/res/drawable-long-land-mdpi/background.png
[DEBUG]  Symlinking /Users/aakashsharma/Desktop/testPickerWidget/Resources/android/images/res-long-port-hdpi/default.png => /Users/aakashsharma/Desktop/testPickerWidget/build/android/res/drawable-long-port-hdpi/background.png
[DEBUG]  Symlinking /Users/aakashsharma/Desktop/testPickerWidget/Resources/android/images/res-long-port-ldpi/default.png => /Users/aakashsharma/Desktop/testPickerWidget/build/android/res/drawable-long-port-ldpi/background.png
[DEBUG]  Symlinking /Users/aakashsharma/Desktop/testPickerWidget/Resources/android/images/res-notlong-land-hdpi/default.png => /Users/aakashsharma/Desktop/testPickerWidget/build/android/res/drawable-notlong-land-hdpi/background.png
[DEBUG]  Symlinking /Users/aakashsharma/Desktop/testPickerWidget/Resources/android/images/res-notlong-land-ldpi/default.png => /Users/aakashsharma/Desktop/testPickerWidget/build/android/res/drawable-notlong-land-ldpi/background.png
[DEBUG]  Symlinking /Users/aakashsharma/Desktop/testPickerWidget/Resources/android/images/res-notlong-land-mdpi/default.png => /Users/aakashsharma/Desktop/testPickerWidget/build/android/res/drawable-notlong-land-mdpi/background.png
[DEBUG]  Symlinking /Users/aakashsharma/Desktop/testPickerWidget/Resources/android/images/res-notlong-port-hdpi/default.png => /Users/aakashsharma/Desktop/testPickerWidget/build/android/res/drawable-notlong-port-hdpi/background.png
[DEBUG]  Symlinking /Users/aakashsharma/Desktop/testPickerWidget/Resources/android/images/res-notlong-port-ldpi/default.png => /Users/aakashsharma/Desktop/testPickerWidget/build/android/res/drawable-notlong-port-ldpi/background.png
[DEBUG]  Symlinking /Users/aakashsharma/Desktop/testPickerWidget/Resources/android/images/res-notlong-port-mdpi/default.png => /Users/aakashsharma/Desktop/testPickerWidget/build/android/res/drawable-notlong-port-mdpi/background.png
[DEBUG]  Copying /Users/aakashsharma/Library/Application Support/Titanium/modules/commonjs/ti.cloud/3.2.11/ti.cloud.js
[DEBUG]  Copying /Users/aakashsharma/Library/Application Support/Titanium/modules/commonjs/ti.cloud/3.2.11/assets
[DEBUG]  Symlinking /Users/aakashsharma/Desktop/testPickerWidget/platform/android/alloy_generated => /Users/aakashsharma/Desktop/testPickerWidget/build/android/alloy_generated
[DEBUG]  Symlinking /Users/aakashsharma/Desktop/testPickerWidget/platform/android/res/drawable-hdpi/appicon.png => /Users/aakashsharma/Desktop/testPickerWidget/build/android/res/drawable-hdpi/appicon.png
[DEBUG]  Symlinking /Users/aakashsharma/Desktop/testPickerWidget/platform/android/res/drawable-hdpi/background.png => /Users/aakashsharma/Desktop/testPickerWidget/build/android/res/drawable-hdpi/background.png
[DEBUG]  Symlinking /Users/aakashsharma/Desktop/testPickerWidget/platform/android/res/drawable-hdpi/notificationicon.png => /Users/aakashsharma/Desktop/testPickerWidget/build/android/res/drawable-hdpi/notificationicon.png
[DEBUG]  Symlinking /Users/aakashsharma/Desktop/testPickerWidget/platform/android/res/drawable-mdpi/appicon.png => /Users/aakashsharma/Desktop/testPickerWidget/build/android/res/drawable-mdpi/appicon.png
[DEBUG]  Symlinking /Users/aakashsharma/Desktop/testPickerWidget/platform/android/res/drawable-mdpi/background.png => /Users/aakashsharma/Desktop/testPickerWidget/build/android/res/drawable-mdpi/background.png
[DEBUG]  Symlinking /Users/aakashsharma/Desktop/testPickerWidget/platform/android/res/drawable-mdpi/notificationicon.png => /Users/aakashsharma/Desktop/testPickerWidget/build/android/res/drawable-mdpi/notificationicon.png
[DEBUG]  Symlinking /Users/aakashsharma/Desktop/testPickerWidget/platform/android/res/drawable-xhdpi/appicon.png => /Users/aakashsharma/Desktop/testPickerWidget/build/android/res/drawable-xhdpi/appicon.png
[DEBUG]  Symlinking /Users/aakashsharma/Desktop/testPickerWidget/platform/android/res/drawable-xhdpi/background.png => /Users/aakashsharma/Desktop/testPickerWidget/build/android/res/drawable-xhdpi/background.png
[DEBUG]  Symlinking /Users/aakashsharma/Desktop/testPickerWidget/platform/android/res/drawable-xhdpi/notificationicon.png => /Users/aakashsharma/Desktop/testPickerWidget/build/android/res/drawable-xhdpi/notificationicon.png
[DEBUG]  Symlinking /Users/aakashsharma/Desktop/testPickerWidget/platform/android/res/drawable-xxhdpi/appicon.png => /Users/aakashsharma/Desktop/testPickerWidget/build/android/res/drawable-xxhdpi/appicon.png
[DEBUG]  Symlinking /Users/aakashsharma/Desktop/testPickerWidget/platform/android/res/drawable-xxhdpi/background.png => /Users/aakashsharma/Desktop/testPickerWidget/build/android/res/drawable-xxhdpi/background.png
[DEBUG]  Symlinking /Users/aakashsharma/Desktop/testPickerWidget/platform/android/res/drawable-xxhdpi/notificationicon.png => /Users/aakashsharma/Desktop/testPickerWidget/build/android/res/drawable-xxhdpi/notificationicon.png
[DEBUG]  Symlinking /Users/aakashsharma/Desktop/testPickerWidget/platform/android/res/drawable-xxxhdpi/appicon.png => /Users/aakashsharma/Desktop/testPickerWidget/build/android/res/drawable-xxxhdpi/appicon.png
[DEBUG]  Symlinking /Users/aakashsharma/Desktop/testPickerWidget/platform/android/res/drawable-xxxhdpi/background.png => /Users/aakashsharma/Desktop/testPickerWidget/build/android/res/drawable-xxxhdpi/background.png
[DEBUG]  Symlinking /Users/aakashsharma/Desktop/testPickerWidget/platform/android/res/drawable-xxxhdpi/notificationicon.png => /Users/aakashsharma/Desktop/testPickerWidget/build/android/res/drawable-xxxhdpi/notificationicon.png
[DEBUG]  Symlinking /Users/aakashsharma/Desktop/testPickerWidget/platform/android/res/values/customtheme.xml => /Users/aakashsharma/Desktop/testPickerWidget/build/android/res/values/customtheme.xml
[DEBUG]  Symlinking /Users/aakashsharma/Desktop/testPickerWidget/build/android/bin/assets/Resources/appicon.png => /Users/aakashsharma/Desktop/testPickerWidget/build/android/res/drawable/appicon.png
[INFO]   Processing JavaScript files
[DEBUG]  Symlinking /Users/aakashsharma/Desktop/testPickerWidget/Resources/android/alloy/CFG.js => /Users/aakashsharma/Desktop/testPickerWidget/build/android/assets/alloy/CFG.js
[DEBUG]  Symlinking /Users/aakashsharma/Desktop/testPickerWidget/Resources/android/app.js => /Users/aakashsharma/Desktop/testPickerWidget/build/android/assets/app.js
[DEBUG]  Symlinking /Users/aakashsharma/Desktop/testPickerWidget/Resources/android/alloy/backbone.js => /Users/aakashsharma/Desktop/testPickerWidget/build/android/assets/alloy/backbone.js
[DEBUG]  Symlinking /Users/aakashsharma/Desktop/testPickerWidget/Resources/android/alloy/constants.js => /Users/aakashsharma/Desktop/testPickerWidget/build/android/assets/alloy/constants.js
[DEBUG]  Symlinking /Users/aakashsharma/Desktop/testPickerWidget/Resources/android/alloy/controllers/BaseController.js => /Users/aakashsharma/Desktop/testPickerWidget/build/android/assets/alloy/controllers/BaseController.js
[DEBUG]  Symlinking /Users/aakashsharma/Desktop/testPickerWidget/Resources/android/alloy/controllers/index.js => /Users/aakashsharma/Desktop/testPickerWidget/build/android/assets/alloy/controllers/index.js
[DEBUG]  Symlinking /Users/aakashsharma/Desktop/testPickerWidget/Resources/android/alloy/styles/index.js => /Users/aakashsharma/Desktop/testPickerWidget/build/android/assets/alloy/styles/index.js
[DEBUG]  Symlinking /Users/aakashsharma/Desktop/testPickerWidget/Resources/android/alloy/sync/localStorage.js => /Users/aakashsharma/Desktop/testPickerWidget/build/android/assets/alloy/sync/localStorage.js
[DEBUG]  Symlinking /Users/aakashsharma/Desktop/testPickerWidget/Resources/android/alloy/sync/properties.js => /Users/aakashsharma/Desktop/testPickerWidget/build/android/assets/alloy/sync/properties.js
[DEBUG]  Symlinking /Users/aakashsharma/Desktop/testPickerWidget/Resources/android/alloy/sync/sql.js => /Users/aakashsharma/Desktop/testPickerWidget/build/android/assets/alloy/sync/sql.js
[DEBUG]  Symlinking /Users/aakashsharma/Desktop/testPickerWidget/Resources/android/alloy/underscore.js => /Users/aakashsharma/Desktop/testPickerWidget/build/android/assets/alloy/underscore.js
[DEBUG]  Symlinking /Users/aakashsharma/Desktop/testPickerWidget/Resources/android/alloy/widget.js => /Users/aakashsharma/Desktop/testPickerWidget/build/android/assets/alloy/widget.js
[DEBUG]  Symlinking /Users/aakashsharma/Desktop/testPickerWidget/Resources/android/alloy/widgets/datePicker/controllers/widget.js => /Users/aakashsharma/Desktop/testPickerWidget/build/android/assets/alloy/widgets/datePicker/controllers/widget.js
[DEBUG]  Symlinking /Users/aakashsharma/Desktop/testPickerWidget/Resources/android/alloy/widgets/datePicker/styles/widget.js => /Users/aakashsharma/Desktop/testPickerWidget/build/android/assets/alloy/widgets/datePicker/styles/widget.js
[DEBUG]  Symlinking /Users/aakashsharma/Desktop/testPickerWidget/Resources/android/alloy.js => /Users/aakashsharma/Desktop/testPickerWidget/build/android/assets/alloy.js
[DEBUG]  Symlinking /Users/aakashsharma/Library/Application Support/Titanium/modules/commonjs/ti.cloud/3.2.11/ti.cloud.js => /Users/aakashsharma/Desktop/testPickerWidget/build/android/assets/ti.cloud.js
[INFO]   Encrypting JavaScript files: /Users/aakashsharma/Library/Application Support/Titanium/mobilesdk/osx/5.5.0.GA/android/titanium_prep.macos "com.cdn" "/Users/aakashsharma/Desktop/testPickerWidget/build/android/assets" "alloy/CFG.js" "app.js" "alloy/backbone.js" "alloy/constants.js" "alloy/controllers/BaseController.js" "alloy/controllers/index.js" "alloy/styles/index.js" "alloy/sync/localStorage.js" "alloy/sync/properties.js" "alloy/sync/sql.js" "alloy/underscore.js" "alloy/widget.js" "alloy/widgets/datePicker/controllers/widget.js" "alloy/widgets/datePicker/styles/widget.js" "alloy.js" "ti.cloud.js" "_app_props_.json"
[DEBUG]  Adding library /Users/aakashsharma/Library/Application Support/Titanium/mobilesdk/osx/5.5.0.GA/android/kroll-v8.jar
[DEBUG]  Adding library /Users/aakashsharma/Library/Application Support/Titanium/mobilesdk/osx/5.5.0.GA/android/modules/titanium-analytics.jar
[DEBUG]  Adding dependency library /Users/aakashsharma/Library/Application Support/Titanium/mobilesdk/osx/5.5.0.GA/android/aps-analytics.jar
[DEBUG]  Adding library /Users/aakashsharma/Library/Application Support/Titanium/mobilesdk/osx/5.5.0.GA/android/modules/titanium-android.jar
[DEBUG]  Adding dependency library /Users/aakashsharma/Library/Application Support/Titanium/mobilesdk/osx/5.5.0.GA/android/jaxen-1.1.1.jar
[DEBUG]  Adding dependency library /Users/aakashsharma/Library/Application Support/Titanium/mobilesdk/osx/5.5.0.GA/android/ti-commons-codec-1.3.jar
[DEBUG]  Adding dependency library /Users/aakashsharma/Library/Application Support/Titanium/mobilesdk/osx/5.5.0.GA/android/kroll-common.jar
[DEBUG]  Adding dependency library /Users/aakashsharma/Library/Application Support/Titanium/mobilesdk/osx/5.5.0.GA/android/titanium.jar
[DEBUG]  Adding library /Users/aakashsharma/Library/Application Support/Titanium/mobilesdk/osx/5.5.0.GA/android/modules/titanium-filesystem.jar
[DEBUG]  Adding library /Users/aakashsharma/Library/Application Support/Titanium/mobilesdk/osx/5.5.0.GA/android/modules/titanium-app.jar
[DEBUG]  Adding library /Users/aakashsharma/Library/Application Support/Titanium/mobilesdk/osx/5.5.0.GA/android/modules/titanium-ui.jar
[DEBUG]  Adding dependency library /Users/aakashsharma/Library/Application Support/Titanium/mobilesdk/osx/5.5.0.GA/android/nineoldandroids-appc-2.4.0.jar
[DEBUG]  Adding library /Users/aakashsharma/Library/Application Support/Titanium/mobilesdk/osx/5.5.0.GA/android/modules/titanium-media.jar
[DEBUG]  Adding library /Users/aakashsharma/Library/Application Support/Titanium/mobilesdk/osx/5.5.0.GA/android/modules/titanium-appcompat.jar
[DEBUG]  Adding dependency library /Users/aakashsharma/Library/Application Support/Titanium/mobilesdk/osx/5.5.0.GA/android/android-support-v4.jar
[DEBUG]  Adding dependency library /Users/aakashsharma/Library/Application Support/Titanium/mobilesdk/osx/5.5.0.GA/android/android-support-v7-appcompat.jar
[DEBUG]  Adding library /Users/aakashsharma/Library/Application Support/Titanium/mobilesdk/osx/5.5.0.GA/android/modules/titanium-cardview.jar
[DEBUG]  Adding dependency library /Users/aakashsharma/Library/Application Support/Titanium/mobilesdk/osx/5.5.0.GA/android/cardview-v7-23.0.1.jar
[DEBUG]  Adding library /Users/aakashsharma/Library/Application Support/Titanium/mobilesdk/osx/5.5.0.GA/android/modules/titanium-locale.jar
[DEBUG]  Adding library /Users/aakashsharma/Library/Application Support/Titanium/mobilesdk/osx/5.5.0.GA/android/modules/titanium-network.jar
[DEBUG]  Adding library /Users/aakashsharma/Library/Application Support/Titanium/mobilesdk/osx/5.5.0.GA/android/modules/titanium-xml.jar
[DEBUG]  Adding library /Users/aakashsharma/Library/Application Support/Titanium/mobilesdk/osx/5.5.0.GA/android/modules/titanium-utils.jar
[DEBUG]  Adding library /Users/aakashsharma/Library/Application Support/Titanium/mobilesdk/osx/5.5.0.GA/android/modules/titanium-geolocation.jar
[DEBUG]  Adding library /Users/aakashsharma/Library/Application Support/Titanium/mobilesdk/osx/5.5.0.GA/android/modules/titanium-accelerometer.jar
[DEBUG]  Adding library /Users/aakashsharma/Library/Application Support/Titanium/mobilesdk/osx/5.5.0.GA/android/modules/titanium-contacts.jar
[DEBUG]  Adding library /Users/aakashsharma/Library/Application Support/Titanium/mobilesdk/osx/5.5.0.GA/android/modules/titanium-map.jar
[DEBUG]  Adding library /Users/aakashsharma/Library/Application Support/Titanium/mobilesdk/osx/5.5.0.GA/android/modules/titanium-calendar.jar
[DEBUG]  Adding library /Users/aakashsharma/Library/Application Support/Titanium/mobilesdk/osx/5.5.0.GA/android/modules/titanium-gesture.jar
[DEBUG]  Adding library /Users/aakashsharma/Library/Application Support/Titanium/mobilesdk/osx/5.5.0.GA/android/modules/titanium-platform.jar
[DEBUG]  Adding library /Users/aakashsharma/Library/Application Support/Titanium/mobilesdk/osx/5.5.0.GA/android/modules/titanium-database.jar
[DEBUG]  Unknown namespace app.deploytype, skipping
[DEBUG]  Unknown namespace api, skipping
[DEBUG]  Unknown namespace platform.displaycaps, skipping
[DEBUG]  Unknown namespace ui.ios, skipping
[INFO]   Writing /Users/aakashsharma/Desktop/testPickerWidget/build/android/bin/assets/app.json
[INFO]   Extracting module resources: /Users/aakashsharma/Library/Application Support/Titanium/mobilesdk/osx/5.5.0.GA/android/modules/titanium-analytics.res.zip
[DEBUG]  Copying /var/folders/td/t5m8knx97xb9yxqnc0rgf0n00000gq/T/117117-10303-1xg84wb/res/values/strings.xml => /Users/aakashsharma/Desktop/testPickerWidget/build/android/res/values/strings.xml
[INFO]   Extracting module resources: /Users/aakashsharma/Library/Application Support/Titanium/mobilesdk/osx/5.5.0.GA/android/modules/titanium-android.res.zip
[DEBUG]  Merging /var/folders/td/t5m8knx97xb9yxqnc0rgf0n00000gq/T/117117-10303-8hb8pp/res/values/strings.xml => /Users/aakashsharma/Desktop/testPickerWidget/build/android/res/values/strings.xml
[INFO]   Extracting module resources: /Users/aakashsharma/Library/Application Support/Titanium/mobilesdk/osx/5.5.0.GA/android/modules/titanium-filesystem.res.zip
[DEBUG]  Merging /var/folders/td/t5m8knx97xb9yxqnc0rgf0n00000gq/T/117117-10303-1j56ahg/res/values/strings.xml => /Users/aakashsharma/Desktop/testPickerWidget/build/android/res/values/strings.xml
[INFO]   Extracting module resources: /Users/aakashsharma/Library/Application Support/Titanium/mobilesdk/osx/5.5.0.GA/android/modules/titanium-app.res.zip
[DEBUG]  Merging /var/folders/td/t5m8knx97xb9yxqnc0rgf0n00000gq/T/117117-10303-7nv9nx/res/values/strings.xml => /Users/aakashsharma/Desktop/testPickerWidget/build/android/res/values/strings.xml
[INFO]   Extracting module resources: /Users/aakashsharma/Library/Application Support/Titanium/mobilesdk/osx/5.5.0.GA/android/modules/titanium-media.res.zip
[DEBUG]  Merging /var/folders/td/t5m8knx97xb9yxqnc0rgf0n00000gq/T/117117-10303-k4usfe/res/values/strings.xml => /Users/aakashsharma/Desktop/testPickerWidget/build/android/res/values/strings.xml
[INFO]   Extracting module resources: /Users/aakashsharma/Library/Application Support/Titanium/mobilesdk/osx/5.5.0.GA/android/modules/titanium-locale.res.zip
[DEBUG]  Merging /var/folders/td/t5m8knx97xb9yxqnc0rgf0n00000gq/T/117117-10303-1p0jtjt/res/values/strings.xml => /Users/aakashsharma/Desktop/testPickerWidget/build/android/res/values/strings.xml
[INFO]   Extracting module resources: /Users/aakashsharma/Library/Application Support/Titanium/mobilesdk/osx/5.5.0.GA/android/modules/titanium-network.res.zip
[DEBUG]  Merging /var/folders/td/t5m8knx97xb9yxqnc0rgf0n00000gq/T/117117-10303-1fy3e1q/res/values/strings.xml => /Users/aakashsharma/Desktop/testPickerWidget/build/android/res/values/strings.xml
[INFO]   Extracting module resources: /Users/aakashsharma/Library/Application Support/Titanium/mobilesdk/osx/5.5.0.GA/android/modules/titanium-xml.res.zip
[DEBUG]  Merging /var/folders/td/t5m8knx97xb9yxqnc0rgf0n00000gq/T/117117-10303-1ymqju3/res/values/strings.xml => /Users/aakashsharma/Desktop/testPickerWidget/build/android/res/values/strings.xml
[INFO]   Extracting module resources: /Users/aakashsharma/Library/Application Support/Titanium/mobilesdk/osx/5.5.0.GA/android/modules/titanium-utils.res.zip
[DEBUG]  Merging /var/folders/td/t5m8knx97xb9yxqnc0rgf0n00000gq/T/117117-10303-1cjk1i0/res/values/strings.xml => /Users/aakashsharma/Desktop/testPickerWidget/build/android/res/values/strings.xml
[INFO]   Extracting module resources: /Users/aakashsharma/Library/Application Support/Titanium/mobilesdk/osx/5.5.0.GA/android/modules/titanium-geolocation.res.zip
[DEBUG]  Merging /var/folders/td/t5m8knx97xb9yxqnc0rgf0n00000gq/T/117117-10303-1rdwp9s/res/values/strings.xml => /Users/aakashsharma/Desktop/testPickerWidget/build/android/res/values/strings.xml
[INFO]   Extracting module resources: /Users/aakashsharma/Library/Application Support/Titanium/mobilesdk/osx/5.5.0.GA/android/modules/titanium-accelerometer.res.zip
[DEBUG]  Merging /var/folders/td/t5m8knx97xb9yxqnc0rgf0n00000gq/T/117117-10303-10xnooi/res/values/strings.xml => /Users/aakashsharma/Desktop/testPickerWidget/build/android/res/values/strings.xml
[INFO]   Extracting module resources: /Users/aakashsharma/Library/Application Support/Titanium/mobilesdk/osx/5.5.0.GA/android/modules/titanium-contacts.res.zip
[DEBUG]  Merging /var/folders/td/t5m8knx97xb9yxqnc0rgf0n00000gq/T/117117-10303-qg0rjq/res/values/strings.xml => /Users/aakashsharma/Desktop/testPickerWidget/build/android/res/values/strings.xml
[INFO]   Extracting module resources: /Users/aakashsharma/Library/Application Support/Titanium/mobilesdk/osx/5.5.0.GA/android/modules/titanium-map.res.zip
[DEBUG]  Merging /var/folders/td/t5m8knx97xb9yxqnc0rgf0n00000gq/T/117117-10303-1djom49/res/values/strings.xml => /Users/aakashsharma/Desktop/testPickerWidget/build/android/res/values/strings.xml
[INFO]   Extracting module resources: /Users/aakashsharma/Library/Application Support/Titanium/mobilesdk/osx/5.5.0.GA/android/modules/titanium-calendar.res.zip
[DEBUG]  Merging /var/folders/td/t5m8knx97xb9yxqnc0rgf0n00000gq/T/117117-10303-xzv2yu/res/values/strings.xml => /Users/aakashsharma/Desktop/testPickerWidget/build/android/res/values/strings.xml
[INFO]   Extracting module resources: /Users/aakashsharma/Library/Application Support/Titanium/mobilesdk/osx/5.5.0.GA/android/modules/titanium-gesture.res.zip
[DEBUG]  Merging /var/folders/td/t5m8knx97xb9yxqnc0rgf0n00000gq/T/117117-10303-y1oc50/res/values/strings.xml => /Users/aakashsharma/Desktop/testPickerWidget/build/android/res/values/strings.xml
[INFO]   Extracting module resources: /Users/aakashsharma/Library/Application Support/Titanium/mobilesdk/osx/5.5.0.GA/android/modules/titanium-platform.res.zip
[DEBUG]  Merging /var/folders/td/t5m8knx97xb9yxqnc0rgf0n00000gq/T/117117-10303-5aaqp4/res/values/strings.xml => /Users/aakashsharma/Desktop/testPickerWidget/build/android/res/values/strings.xml
[INFO]   Extracting module resources: /Users/aakashsharma/Library/Application Support/Titanium/mobilesdk/osx/5.5.0.GA/android/modules/titanium-database.res.zip
[DEBUG]  Merging /var/folders/td/t5m8knx97xb9yxqnc0rgf0n00000gq/T/117117-10303-1pyyfny/res/values/strings.xml => /Users/aakashsharma/Desktop/testPickerWidget/build/android/res/values/strings.xml
[DEBUG]  Copying template /Users/aakashsharma/Library/Application Support/Titanium/mobilesdk/osx/5.5.0.GA/android/templates/build/AppInfo.java => /Users/aakashsharma/Desktop/testPickerWidget/build/android/gen/com/cdn/TestpickerwidgetAppInfo.java
[DEBUG]  Copying template /Users/aakashsharma/Library/Application Support/Titanium/mobilesdk/osx/5.5.0.GA/android/templates/build/App.java => /Users/aakashsharma/Desktop/testPickerWidget/build/android/gen/com/cdn/TestpickerwidgetApplication.java
[DEBUG]  Copying template /Users/aakashsharma/Library/Application Support/Titanium/mobilesdk/osx/5.5.0.GA/android/templates/build/Activity.java => /Users/aakashsharma/Desktop/testPickerWidget/build/android/gen/com/cdn/TestpickerwidgetActivity.java
[DEBUG]  Copying template /Users/aakashsharma/Library/Application Support/Titanium/mobilesdk/osx/5.5.0.GA/android/templates/build/project => /Users/aakashsharma/Desktop/testPickerWidget/build/android/.project
[DEBUG]  Copying template /Users/aakashsharma/Library/Application Support/Titanium/mobilesdk/osx/5.5.0.GA/android/templates/build/default.properties => /Users/aakashsharma/Desktop/testPickerWidget/build/android/default.properties
[DEBUG]  Copying /Users/aakashsharma/Library/Application Support/Titanium/mobilesdk/osx/5.5.0.GA/android/templates/build/gitignore => /Users/aakashsharma/Desktop/testPickerWidget/build/android/.gitignore
[DEBUG]  Copying /Users/aakashsharma/Library/Application Support/Titanium/mobilesdk/osx/5.5.0.GA/android/templates/build/classpath => /Users/aakashsharma/Desktop/testPickerWidget/build/android/.classpath
[INFO]   No aidl files to compile, continuing
[INFO]   Generating i18n files
[DEBUG]  Compiling localization files
[DEBUG]  Merging en strings => /Users/aakashsharma/Desktop/testPickerWidget/build/android/res/values/strings.xml
[INFO]   Generating /Users/aakashsharma/Desktop/testPickerWidget/build/android/res/values/theme.xml
[INFO]   Packaging application: /Volumes/Data/AndroidSdk/android-sdk-19/build-tools/23.0.1/aapt "package" "-f" "-m" "-J" "/Users/aakashsharma/Desktop/testPickerWidget/build/android/gen" "-M" "/Users/aakashsharma/Desktop/testPickerWidget/build/android/AndroidManifest.xml" "-A" "/Users/aakashsharma/Desktop/testPickerWidget/build/android/bin/assets" "-S" "/Users/aakashsharma/Desktop/testPickerWidget/build/android/res" "-I" "/Volumes/Data/AndroidSdk/android-sdk-19/platforms/android-23/android.jar" "-F" "/Users/aakashsharma/Desktop/testPickerWidget/build/android/bin/app.ap_" "--auto-add-overlay" "--extra-packages" "ti.modules.titanium.ui:android.support.v7.appcompat:android.support.v7.cardview" "-S" "/var/folders/td/t5m8knx97xb9yxqnc0rgf0n00000gq/T/117117-10303-3me69e/res" "-S" "/var/folders/td/t5m8knx97xb9yxqnc0rgf0n00000gq/T/117117-10303-sl5oub/res" "-S" "/var/folders/td/t5m8knx97xb9yxqnc0rgf0n00000gq/T/117117-10303-xkwv2w/res"
[INFO]   Building Java source files: /Library/Java/JavaVirtualMachines/jdk1.7.0_80.jdk/Contents/Home/bin/javac "-J-Xmx1024M" "-encoding" "utf8" "-bootclasspath" "/Volumes/Data/AndroidSdk/android-sdk-19/platforms/android-23/android.jar:/Users/aakashsharma/Library/Application Support/Titanium/mobilesdk/osx/5.5.0.GA/android/kroll-v8.jar:/Users/aakashsharma/Library/Application Support/Titanium/mobilesdk/osx/5.5.0.GA/android/modules/titanium-analytics.jar:/Users/aakashsharma/Library/Application Support/Titanium/mobilesdk/osx/5.5.0.GA/android/aps-analytics.jar:/Users/aakashsharma/Library/Application Support/Titanium/mobilesdk/osx/5.5.0.GA/android/modules/titanium-android.jar:/Users/aakashsharma/Library/Application Support/Titanium/mobilesdk/osx/5.5.0.GA/android/jaxen-1.1.1.jar:/Users/aakashsharma/Library/Application Support/Titanium/mobilesdk/osx/5.5.0.GA/android/ti-commons-codec-1.3.jar:/Users/aakashsharma/Library/Application Support/Titanium/mobilesdk/osx/5.5.0.GA/android/kroll-common.jar:/Users/aakashsharma/Library/Application Support/Titanium/mobilesdk/osx/5.5.0.GA/android/titanium.jar:/Users/aakashsharma/Library/Application Support/Titanium/mobilesdk/osx/5.5.0.GA/android/modules/titanium-filesystem.jar:/Users/aakashsharma/Library/Application Support/Titanium/mobilesdk/osx/5.5.0.GA/android/modules/titanium-app.jar:/Users/aakashsharma/Library/Application Support/Titanium/mobilesdk/osx/5.5.0.GA/android/modules/titanium-ui.jar:/Users/aakashsharma/Library/Application Support/Titanium/mobilesdk/osx/5.5.0.GA/android/nineoldandroids-appc-2.4.0.jar:/Users/aakashsharma/Library/Application Support/Titanium/mobilesdk/osx/5.5.0.GA/android/modules/titanium-media.jar:/Users/aakashsharma/Library/Application Support/Titanium/mobilesdk/osx/5.5.0.GA/android/modules/titanium-appcompat.jar:/Users/aakashsharma/Library/Application Support/Titanium/mobilesdk/osx/5.5.0.GA/android/android-support-v4.jar:/Users/aakashsharma/Library/Application Support/Titanium/mobilesdk/osx/5.5.0.GA/android/android-support-v7-appcompat.jar:/Users/aakashsharma/Library/Application Support/Titanium/mobilesdk/osx/5.5.0.GA/android/modules/titanium-cardview.jar:/Users/aakashsharma/Library/Application Support/Titanium/mobilesdk/osx/5.5.0.GA/android/cardview-v7-23.0.1.jar:/Users/aakashsharma/Library/Application Support/Titanium/mobilesdk/osx/5.5.0.GA/android/modules/titanium-locale.jar:/Users/aakashsharma/Library/Application Support/Titanium/mobilesdk/osx/5.5.0.GA/android/modules/titanium-network.jar:/Users/aakashsharma/Library/Application Support/Titanium/mobilesdk/osx/5.5.0.GA/android/modules/titanium-xml.jar:/Users/aakashsharma/Library/Application Support/Titanium/mobilesdk/osx/5.5.0.GA/android/modules/titanium-utils.jar:/Users/aakashsharma/Library/Application Support/Titanium/mobilesdk/osx/5.5.0.GA/android/modules/titanium-geolocation.jar:/Users/aakashsharma/Library/Application Support/Titanium/mobilesdk/osx/5.5.0.GA/android/modules/titanium-accelerometer.jar:/Users/aakashsharma/Library/Application Support/Titanium/mobilesdk/osx/5.5.0.GA/android/modules/titanium-contacts.jar:/Users/aakashsharma/Library/Application Support/Titanium/mobilesdk/osx/5.5.0.GA/android/modules/titanium-map.jar:/Users/aakashsharma/Library/Application Support/Titanium/mobilesdk/osx/5.5.0.GA/android/modules/titanium-calendar.jar:/Users/aakashsharma/Library/Application Support/Titanium/mobilesdk/osx/5.5.0.GA/android/modules/titanium-gesture.jar:/Users/aakashsharma/Library/Application Support/Titanium/mobilesdk/osx/5.5.0.GA/android/modules/titanium-platform.jar:/Users/aakashsharma/Library/Application Support/Titanium/mobilesdk/osx/5.5.0.GA/android/modules/titanium-database.jar:/Users/aakashsharma/Library/Application Support/Titanium/mobilesdk/osx/5.5.0.GA/android/lib/titanium-verify.jar:R.class:AssetCryptImpl.class:TestpickerwidgetActivity.class:TestpickerwidgetAppInfo.class:TestpickerwidgetApplication.class" "-d" "/Users/aakashsharma/Desktop/testPickerWidget/build/android/bin/classes" "-proc:none" "-target" "1.6" "-source" "1.6" "@/Users/aakashsharma/Desktop/testPickerWidget/build/android/java-sources.txt"
[INFO]   Running dexer: /Library/Java/JavaVirtualMachines/jdk1.7.0_80.jdk/Contents/Home/bin/java "-Xmx1024M" "-XX:-UseGCOverheadLimit" "-Djava.ext.dirs=/Volumes/Data/AndroidSdk/android-sdk-19/platform-tools" "-jar" "/Volumes/Data/AndroidSdk/android-sdk-19/build-tools/23.0.1/lib/dx.jar" "--dex" "--output=/Users/aakashsharma/Desktop/testPickerWidget/build/android/bin/classes.dex" "/Users/aakashsharma/Desktop/testPickerWidget/build/android/bin/classes" "/Users/aakashsharma/Library/Application Support/Titanium/mobilesdk/osx/5.5.0.GA/android/lib/titanium-verify.jar" "/Users/aakashsharma/Library/Application Support/Titanium/mobilesdk/osx/5.5.0.GA/android/kroll-v8.jar" "/Users/aakashsharma/Library/Application Support/Titanium/mobilesdk/osx/5.5.0.GA/android/modules/titanium-analytics.jar" "/Users/aakashsharma/Library/Application Support/Titanium/mobilesdk/osx/5.5.0.GA/android/aps-analytics.jar" "/Users/aakashsharma/Library/Application Support/Titanium/mobilesdk/osx/5.5.0.GA/android/modules/titanium-android.jar" "/Users/aakashsharma/Library/Application Support/Titanium/mobilesdk/osx/5.5.0.GA/android/jaxen-1.1.1.jar" "/Users/aakashsharma/Library/Application Support/Titanium/mobilesdk/osx/5.5.0.GA/android/ti-commons-codec-1.3.jar" "/Users/aakashsharma/Library/Application Support/Titanium/mobilesdk/osx/5.5.0.GA/android/kroll-common.jar" "/Users/aakashsharma/Library/Application Support/Titanium/mobilesdk/osx/5.5.0.GA/android/titanium.jar" "/Users/aakashsharma/Library/Application Support/Titanium/mobilesdk/osx/5.5.0.GA/android/modules/titanium-filesystem.jar" "/Users/aakashsharma/Library/Application Support/Titanium/mobilesdk/osx/5.5.0.GA/android/modules/titanium-app.jar" "/Users/aakashsharma/Library/Application Support/Titanium/mobilesdk/osx/5.5.0.GA/android/modules/titanium-ui.jar" "/Users/aakashsharma/Library/Application Support/Titanium/mobilesdk/osx/5.5.0.GA/android/nineoldandroids-appc-2.4.0.jar" "/Users/aakashsharma/Library/Application Support/Titanium/mobilesdk/osx/5.5.0.GA/android/modules/titanium-media.jar" "/Users/aakashsharma/Library/Application Support/Titanium/mobilesdk/osx/5.5.0.GA/android/modules/titanium-appcompat.jar" "/Users/aakashsharma/Library/Application Support/Titanium/mobilesdk/osx/5.5.0.GA/android/android-support-v4.jar" "/Users/aakashsharma/Library/Application Support/Titanium/mobilesdk/osx/5.5.0.GA/android/android-support-v7-appcompat.jar" "/Users/aakashsharma/Library/Application Support/Titanium/mobilesdk/osx/5.5.0.GA/android/modules/titanium-cardview.jar" "/Users/aakashsharma/Library/Application Support/Titanium/mobilesdk/osx/5.5.0.GA/android/cardview-v7-23.0.1.jar" "/Users/aakashsharma/Library/Application Support/Titanium/mobilesdk/osx/5.5.0.GA/android/modules/titanium-locale.jar" "/Users/aakashsharma/Library/Application Support/Titanium/mobilesdk/osx/5.5.0.GA/android/modules/titanium-network.jar" "/Users/aakashsharma/Library/Application Support/Titanium/mobilesdk/osx/5.5.0.GA/android/modules/titanium-xml.jar" "/Users/aakashsharma/Library/Application Support/Titanium/mobilesdk/osx/5.5.0.GA/android/modules/titanium-utils.jar" "/Users/aakashsharma/Library/Application Support/Titanium/mobilesdk/osx/5.5.0.GA/android/modules/titanium-geolocation.jar" "/Users/aakashsharma/Library/Application Support/Titanium/mobilesdk/osx/5.5.0.GA/android/modules/titanium-accelerometer.jar" "/Users/aakashsharma/Library/Application Support/Titanium/mobilesdk/osx/5.5.0.GA/android/modules/titanium-contacts.jar" "/Users/aakashsharma/Library/Application Support/Titanium/mobilesdk/osx/5.5.0.GA/android/modules/titanium-map.jar" "/Users/aakashsharma/Library/Application Support/Titanium/mobilesdk/osx/5.5.0.GA/android/modules/titanium-calendar.jar" "/Users/aakashsharma/Library/Application Support/Titanium/mobilesdk/osx/5.5.0.GA/android/modules/titanium-gesture.jar" "/Users/aakashsharma/Library/Application Support/Titanium/mobilesdk/osx/5.5.0.GA/android/modules/titanium-platform.jar" "/Users/aakashsharma/Library/Application Support/Titanium/mobilesdk/osx/5.5.0.GA/android/modules/titanium-database.jar"
[INFO]   Creating unsigned apk
[DEBUG]  Processing /Users/aakashsharma/Desktop/testPickerWidget/build/android/bin/app.ap_
[DEBUG]  Deflating AndroidManifest.xml
[DEBUG]  Adding assets/Resources/appicon.png
[DEBUG]  Deflating assets/app.json
[DEBUG]  Deflating assets/index.json
[DEBUG]  Deflating res/anim/abc_fade_in.xml
[DEBUG]  Deflating res/anim/abc_fade_out.xml
[DEBUG]  Deflating res/anim/abc_grow_fade_in_from_bottom.xml
[DEBUG]  Deflating res/anim/abc_popup_enter.xml
[DEBUG]  Deflating res/anim/abc_popup_exit.xml
[DEBUG]  Deflating res/anim/abc_shrink_fade_out_from_bottom.xml
[DEBUG]  Deflating res/anim/abc_slide_in_bottom.xml
[DEBUG]  Deflating res/anim/abc_slide_in_top.xml
[DEBUG]  Deflating res/anim/abc_slide_out_bottom.xml
[DEBUG]  Deflating res/anim/abc_slide_out_top.xml
[DEBUG]  Deflating res/color-v11/abc_background_cache_hint_selector_material_dark.xml
[DEBUG]  Deflating res/color-v11/abc_background_cache_hint_selector_material_light.xml
[DEBUG]  Deflating res/color-v23/abc_color_highlight_material.xml
[DEBUG]  Deflating res/color/abc_background_cache_hint_selector_material_dark.xml
[DEBUG]  Deflating res/color/abc_background_cache_hint_selector_material_light.xml
[DEBUG]  Deflating res/color/abc_primary_text_disable_only_material_dark.xml
[DEBUG]  Deflating res/color/abc_primary_text_disable_only_material_light.xml
[DEBUG]  Deflating res/color/abc_primary_text_material_dark.xml
[DEBUG]  Deflating res/color/abc_primary_text_material_light.xml
[DEBUG]  Deflating res/color/abc_search_url_text.xml
[DEBUG]  Deflating res/color/abc_secondary_text_material_dark.xml
[DEBUG]  Deflating res/color/abc_secondary_text_material_light.xml
[DEBUG]  Deflating res/color/switch_thumb_material_dark.xml
[DEBUG]  Deflating res/color/switch_thumb_material_light.xml
[DEBUG]  Adding res/drawable-hdpi-v4/abc_ab_share_pack_mtrl_alpha.9.png
[DEBUG]  Adding res/drawable-hdpi-v4/abc_btn_check_to_on_mtrl_000.png
[DEBUG]  Adding res/drawable-hdpi-v4/abc_btn_check_to_on_mtrl_015.png
[DEBUG]  Adding res/drawable-hdpi-v4/abc_btn_radio_to_on_mtrl_000.png
[DEBUG]  Adding res/drawable-hdpi-v4/abc_btn_radio_to_on_mtrl_015.png
[DEBUG]  Adding res/drawable-hdpi-v4/abc_btn_rating_star_off_mtrl_alpha.png
[DEBUG]  Adding res/drawable-hdpi-v4/abc_btn_rating_star_on_mtrl_alpha.png
[DEBUG]  Adding res/drawable-hdpi-v4/abc_btn_switch_to_on_mtrl_00001.9.png
[DEBUG]  Adding res/drawable-hdpi-v4/abc_btn_switch_to_on_mtrl_00012.9.png
[DEBUG]  Adding res/drawable-hdpi-v4/abc_cab_background_top_mtrl_alpha.9.png
[DEBUG]  Adding res/drawable-hdpi-v4/abc_ic_ab_back_mtrl_am_alpha.png
[DEBUG]  Adding res/drawable-hdpi-v4/abc_ic_clear_mtrl_alpha.png
[DEBUG]  Adding res/drawable-hdpi-v4/abc_ic_commit_search_api_mtrl_alpha.png
[DEBUG]  Adding res/drawable-hdpi-v4/abc_ic_go_search_api_mtrl_alpha.png
[DEBUG]  Adding res/drawable-hdpi-v4/abc_ic_menu_copy_mtrl_am_alpha.png
[DEBUG]  Adding res/drawable-hdpi-v4/abc_ic_menu_cut_mtrl_alpha.png
[DEBUG]  Adding res/drawable-hdpi-v4/abc_ic_menu_moreoverflow_mtrl_alpha.png
[DEBUG]  Adding res/drawable-hdpi-v4/abc_ic_menu_paste_mtrl_am_alpha.png
[DEBUG]  Adding res/drawable-hdpi-v4/abc_ic_menu_selectall_mtrl_alpha.png
[DEBUG]  Adding res/drawable-hdpi-v4/abc_ic_menu_share_mtrl_alpha.png
[DEBUG]  Adding res/drawable-hdpi-v4/abc_ic_search_api_mtrl_alpha.png
[DEBUG]  Adding res/drawable-hdpi-v4/abc_ic_voice_search_api_mtrl_alpha.png
[DEBUG]  Adding res/drawable-hdpi-v4/abc_list_divider_mtrl_alpha.9.png
[DEBUG]  Adding res/drawable-hdpi-v4/abc_list_focused_holo.9.png
[DEBUG]  Adding res/drawable-hdpi-v4/abc_list_longpressed_holo.9.png
[DEBUG]  Adding res/drawable-hdpi-v4/abc_list_pressed_holo_dark.9.png
[DEBUG]  Adding res/drawable-hdpi-v4/abc_list_pressed_holo_light.9.png
[DEBUG]  Adding res/drawable-hdpi-v4/abc_list_selector_disabled_holo_dark.9.png
[DEBUG]  Adding res/drawable-hdpi-v4/abc_list_selector_disabled_holo_light.9.png
[DEBUG]  Adding res/drawable-hdpi-v4/abc_menu_hardkey_panel_mtrl_mult.9.png
[DEBUG]  Adding res/drawable-hdpi-v4/abc_popup_background_mtrl_mult.9.png
[DEBUG]  Adding res/drawable-hdpi-v4/abc_scrubber_control_off_mtrl_alpha.png
[DEBUG]  Adding res/drawable-hdpi-v4/abc_scrubber_control_to_pressed_mtrl_000.png
[DEBUG]  Adding res/drawable-hdpi-v4/abc_scrubber_control_to_pressed_mtrl_005.png
[DEBUG]  Adding res/drawable-hdpi-v4/abc_scrubber_primary_mtrl_alpha.9.png
[DEBUG]  Adding res/drawable-hdpi-v4/abc_scrubber_track_mtrl_alpha.9.png
[DEBUG]  Adding res/drawable-hdpi-v4/abc_spinner_mtrl_am_alpha.9.png
[DEBUG]  Adding res/drawable-hdpi-v4/abc_switch_track_mtrl_alpha.9.png
[DEBUG]  Adding res/drawable-hdpi-v4/abc_tab_indicator_mtrl_alpha.9.png
[DEBUG]  Adding res/drawable-hdpi-v4/abc_textfield_activated_mtrl_alpha.9.png
[DEBUG]  Adding res/drawable-hdpi-v4/abc_textfield_default_mtrl_alpha.9.png
[DEBUG]  Adding res/drawable-hdpi-v4/abc_textfield_search_activated_mtrl_alpha.9.png
[DEBUG]  Adding res/drawable-hdpi-v4/abc_textfield_search_default_mtrl_alpha.9.png
[DEBUG]  Adding res/drawable-hdpi-v4/appicon.png
[DEBUG]  Adding res/drawable-hdpi-v4/background.png
[DEBUG]  Adding res/drawable-hdpi-v4/notificationicon.png
[DEBUG]  Adding res/drawable-ldrtl-hdpi-v4/abc_ic_ab_back_mtrl_am_alpha.png
[DEBUG]  Adding res/drawable-ldrtl-hdpi-v4/abc_ic_menu_copy_mtrl_am_alpha.png
[DEBUG]  Adding res/drawable-ldrtl-hdpi-v4/abc_ic_menu_cut_mtrl_alpha.png
[DEBUG]  Adding res/drawable-ldrtl-hdpi-v4/abc_spinner_mtrl_am_alpha.9.png
[DEBUG]  Adding res/drawable-ldrtl-mdpi-v4/abc_ic_ab_back_mtrl_am_alpha.png
[DEBUG]  Adding res/drawable-ldrtl-mdpi-v4/abc_ic_menu_copy_mtrl_am_alpha.png
[DEBUG]  Adding res/drawable-ldrtl-mdpi-v4/abc_ic_menu_cut_mtrl_alpha.png
[DEBUG]  Adding res/drawable-ldrtl-mdpi-v4/abc_spinner_mtrl_am_alpha.9.png
[DEBUG]  Adding res/drawable-ldrtl-xhdpi-v4/abc_ic_ab_back_mtrl_am_alpha.png
[DEBUG]  Adding res/drawable-ldrtl-xhdpi-v4/abc_ic_menu_copy_mtrl_am_alpha.png
[DEBUG]  Adding res/drawable-ldrtl-xhdpi-v4/abc_ic_menu_cut_mtrl_alpha.png
[DEBUG]  Adding res/drawable-ldrtl-xhdpi-v4/abc_spinner_mtrl_am_alpha.9.png
[DEBUG]  Adding res/drawable-ldrtl-xxhdpi-v4/abc_ic_ab_back_mtrl_am_alpha.png
[DEBUG]  Adding res/drawable-ldrtl-xxhdpi-v4/abc_ic_menu_copy_mtrl_am_alpha.png
[DEBUG]  Adding res/drawable-ldrtl-xxhdpi-v4/abc_ic_menu_cut_mtrl_alpha.png
[DEBUG]  Adding res/drawable-ldrtl-xxhdpi-v4/abc_spinner_mtrl_am_alpha.9.png
[DEBUG]  Adding res/drawable-ldrtl-xxxhdpi-v4/abc_ic_ab_back_mtrl_am_alpha.png
[DEBUG]  Adding res/drawable-ldrtl-xxxhdpi-v4/abc_ic_menu_copy_mtrl_am_alpha.png
[DEBUG]  Adding res/drawable-ldrtl-xxxhdpi-v4/abc_ic_menu_cut_mtrl_alpha.png
[DEBUG]  Adding res/drawable-ldrtl-xxxhdpi-v4/abc_spinner_mtrl_am_alpha.9.png
[DEBUG]  Adding res/drawable-long-land-hdpi-v4/background.png
[DEBUG]  Adding res/drawable-long-land-ldpi-v4/background.png
[DEBUG]  Adding res/drawable-long-land-mdpi-v4/background.png
[DEBUG]  Adding res/drawable-long-port-hdpi-v4/background.png
[DEBUG]  Adding res/drawable-long-port-ldpi-v4/background.png
[DEBUG]  Adding res/drawable-mdpi-v4/abc_ab_share_pack_mtrl_alpha.9.png
[DEBUG]  Adding res/drawable-mdpi-v4/abc_btn_check_to_on_mtrl_000.png
[DEBUG]  Adding res/drawable-mdpi-v4/abc_btn_check_to_on_mtrl_015.png
[DEBUG]  Adding res/drawable-mdpi-v4/abc_btn_radio_to_on_mtrl_000.png
[DEBUG]  Adding res/drawable-mdpi-v4/abc_btn_radio_to_on_mtrl_015.png
[DEBUG]  Adding res/drawable-mdpi-v4/abc_btn_rating_star_off_mtrl_alpha.png
[DEBUG]  Adding res/drawable-mdpi-v4/abc_btn_rating_star_on_mtrl_alpha.png
[DEBUG]  Adding res/drawable-mdpi-v4/abc_btn_switch_to_on_mtrl_00001.9.png
[DEBUG]  Adding res/drawable-mdpi-v4/abc_btn_switch_to_on_mtrl_00012.9.png
[DEBUG]  Adding res/drawable-mdpi-v4/abc_cab_background_top_mtrl_alpha.9.png
[DEBUG]  Adding res/drawable-mdpi-v4/abc_ic_ab_back_mtrl_am_alpha.png
[DEBUG]  Adding res/drawable-mdpi-v4/abc_ic_clear_mtrl_alpha.png
[DEBUG]  Adding res/drawable-mdpi-v4/abc_ic_commit_search_api_mtrl_alpha.png
[DEBUG]  Adding res/drawable-mdpi-v4/abc_ic_go_search_api_mtrl_alpha.png
[DEBUG]  Adding res/drawable-mdpi-v4/abc_ic_menu_copy_mtrl_am_alpha.png
[DEBUG]  Adding res/drawable-mdpi-v4/abc_ic_menu_cut_mtrl_alpha.png
[DEBUG]  Adding res/drawable-mdpi-v4/abc_ic_menu_moreoverflow_mtrl_alpha.png
[DEBUG]  Adding res/drawable-mdpi-v4/abc_ic_menu_paste_mtrl_am_alpha.png
[DEBUG]  Adding res/drawable-mdpi-v4/abc_ic_menu_selectall_mtrl_alpha.png
[DEBUG]  Adding res/drawable-mdpi-v4/abc_ic_menu_share_mtrl_alpha.png
[DEBUG]  Adding res/drawable-mdpi-v4/abc_ic_search_api_mtrl_alpha.png
[DEBUG]  Adding res/drawable-mdpi-v4/abc_ic_voice_search_api_mtrl_alpha.png
[DEBUG]  Adding res/drawable-mdpi-v4/abc_list_divider_mtrl_alpha.9.png
[DEBUG]  Adding res/drawable-mdpi-v4/abc_list_focused_holo.9.png
[DEBUG]  Adding res/drawable-mdpi-v4/abc_list_longpressed_holo.9.png
[DEBUG]  Adding res/drawable-mdpi-v4/abc_list_pressed_holo_dark.9.png
[DEBUG]  Adding res/drawable-mdpi-v4/abc_list_pressed_holo_light.9.png
[DEBUG]  Adding res/drawable-mdpi-v4/abc_list_selector_disabled_holo_dark.9.png
[DEBUG]  Adding res/drawable-mdpi-v4/abc_list_selector_disabled_holo_light.9.png
[DEBUG]  Adding res/drawable-mdpi-v4/abc_menu_hardkey_panel_mtrl_mult.9.png
[DEBUG]  Adding res/drawable-mdpi-v4/abc_popup_background_mtrl_mult.9.png
[DEBUG]  Adding res/drawable-mdpi-v4/abc_scrubber_control_off_mtrl_alpha.png
[DEBUG]  Adding res/drawable-mdpi-v4/abc_scrubber_control_to_pressed_mtrl_000.png
[DEBUG]  Adding res/drawable-mdpi-v4/abc_scrubber_control_to_pressed_mtrl_005.png
[DEBUG]  Adding res/drawable-mdpi-v4/abc_scrubber_primary_mtrl_alpha.9.png
[DEBUG]  Adding res/drawable-mdpi-v4/abc_scrubber_track_mtrl_alpha.9.png
[DEBUG]  Adding res/drawable-mdpi-v4/abc_spinner_mtrl_am_alpha.9.png
[DEBUG]  Adding res/drawable-mdpi-v4/abc_switch_track_mtrl_alpha.9.png
[DEBUG]  Adding res/drawable-mdpi-v4/abc_tab_indicator_mtrl_alpha.9.png
[DEBUG]  Adding res/drawable-mdpi-v4/abc_textfield_activated_mtrl_alpha.9.png
[DEBUG]  Adding res/drawable-mdpi-v4/abc_textfield_default_mtrl_alpha.9.png
[DEBUG]  Adding res/drawable-mdpi-v4/abc_textfield_search_activated_mtrl_alpha.9.png
[DEBUG]  Adding res/drawable-mdpi-v4/abc_textfield_search_default_mtrl_alpha.9.png
[DEBUG]  Adding res/drawable-mdpi-v4/appicon.png
[DEBUG]  Adding res/drawable-mdpi-v4/background.png
[DEBUG]  Adding res/drawable-mdpi-v4/notificationicon.png
[DEBUG]  Adding res/drawable-notlong-land-hdpi-v4/background.png
[DEBUG]  Adding res/drawable-notlong-land-ldpi-v4/background.png
[DEBUG]  Adding res/drawable-notlong-land-mdpi-v4/background.png
[DEBUG]  Adding res/drawable-notlong-port-hdpi-v4/background.png
[DEBUG]  Adding res/drawable-notlong-port-ldpi-v4/background.png
[DEBUG]  Adding res/drawable-notlong-port-mdpi-v4/background.png
[DEBUG]  Deflating res/drawable-v21/abc_action_bar_item_background_material.xml
[DEBUG]  Deflating res/drawable-v21/abc_btn_colored_material.xml
[DEBUG]  Deflating res/drawable-v23/abc_control_background_material.xml
[DEBUG]  Adding res/drawable-xhdpi-v4/abc_ab_share_pack_mtrl_alpha.9.png
[DEBUG]  Adding res/drawable-xhdpi-v4/abc_btn_check_to_on_mtrl_000.png
[DEBUG]  Adding res/drawable-xhdpi-v4/abc_btn_check_to_on_mtrl_015.png
[DEBUG]  Adding res/drawable-xhdpi-v4/abc_btn_radio_to_on_mtrl_000.png
[DEBUG]  Adding res/drawable-xhdpi-v4/abc_btn_radio_to_on_mtrl_015.png
[DEBUG]  Adding res/drawable-xhdpi-v4/abc_btn_rating_star_off_mtrl_alpha.png
[DEBUG]  Adding res/drawable-xhdpi-v4/abc_btn_rating_star_on_mtrl_alpha.png
[DEBUG]  Adding res/drawable-xhdpi-v4/abc_btn_switch_to_on_mtrl_00001.9.png
[DEBUG]  Adding res/drawable-xhdpi-v4/abc_btn_switch_to_on_mtrl_00012.9.png
[DEBUG]  Adding res/drawable-xhdpi-v4/abc_cab_background_top_mtrl_alpha.9.png
[DEBUG]  Adding res/drawable-xhdpi-v4/abc_ic_ab_back_mtrl_am_alpha.png
[DEBUG]  Adding res/drawable-xhdpi-v4/abc_ic_clear_mtrl_alpha.png
[DEBUG]  Adding res/drawable-xhdpi-v4/abc_ic_commit_search_api_mtrl_alpha.png
[DEBUG]  Adding res/drawable-xhdpi-v4/abc_ic_go_search_api_mtrl_alpha.png
[DEBUG]  Adding res/drawable-xhdpi-v4/abc_ic_menu_copy_mtrl_am_alpha.png
[DEBUG]  Adding res/drawable-xhdpi-v4/abc_ic_menu_cut_mtrl_alpha.png
[DEBUG]  Adding res/drawable-xhdpi-v4/abc_ic_menu_moreoverflow_mtrl_alpha.png
[DEBUG]  Adding res/drawable-xhdpi-v4/abc_ic_menu_paste_mtrl_am_alpha.png
[DEBUG]  Adding res/drawable-xhdpi-v4/abc_ic_menu_selectall_mtrl_alpha.png
[DEBUG]  Adding res/drawable-xhdpi-v4/abc_ic_menu_share_mtrl_alpha.png
[DEBUG]  Adding res/drawable-xhdpi-v4/abc_ic_search_api_mtrl_alpha.png
[DEBUG]  Adding res/drawable-xhdpi-v4/abc_ic_voice_search_api_mtrl_alpha.png
[DEBUG]  Adding res/drawable-xhdpi-v4/abc_list_divider_mtrl_alpha.9.png
[DEBUG]  Adding res/drawable-xhdpi-v4/abc_list_focused_holo.9.png
[DEBUG]  Adding res/drawable-xhdpi-v4/abc_list_longpressed_holo.9.png
[DEBUG]  Adding res/drawable-xhdpi-v4/abc_list_pressed_holo_dark.9.png
[DEBUG]  Adding res/drawable-xhdpi-v4/abc_list_pressed_holo_light.9.png
[DEBUG]  Adding res/drawable-xhdpi-v4/abc_list_selector_disabled_holo_dark.9.png
[DEBUG]  Adding res/drawable-xhdpi-v4/abc_list_selector_disabled_holo_light.9.png
[DEBUG]  Adding res/drawable-xhdpi-v4/abc_menu_hardkey_panel_mtrl_mult.9.png
[DEBUG]  Adding res/drawable-xhdpi-v4/abc_popup_background_mtrl_mult.9.png
[DEBUG]  Adding res/drawable-xhdpi-v4/abc_scrubber_control_off_mtrl_alpha.png
[DEBUG]  Adding res/drawable-xhdpi-v4/abc_scrubber_control_to_pressed_mtrl_000.png
[DEBUG]  Adding res/drawable-xhdpi-v4/abc_scrubber_control_to_pressed_mtrl_005.png
[DEBUG]  Adding res/drawable-xhdpi-v4/abc_scrubber_primary_mtrl_alpha.9.png
[DEBUG]  Adding res/drawable-xhdpi-v4/abc_scrubber_track_mtrl_alpha.9.png
[DEBUG]  Adding res/drawable-xhdpi-v4/abc_spinner_mtrl_am_alpha.9.png
[DEBUG]  Adding res/drawable-xhdpi-v4/abc_switch_track_mtrl_alpha.9.png
[DEBUG]  Adding res/drawable-xhdpi-v4/abc_tab_indicator_mtrl_alpha.9.png
[DEBUG]  Adding res/drawable-xhdpi-v4/abc_textfield_activated_mtrl_alpha.9.png
[DEBUG]  Adding res/drawable-xhdpi-v4/abc_textfield_default_mtrl_alpha.9.png
[DEBUG]  Adding res/drawable-xhdpi-v4/abc_textfield_search_activated_mtrl_alpha.9.png
[DEBUG]  Adding res/drawable-xhdpi-v4/abc_textfield_search_default_mtrl_alpha.9.png
[DEBUG]  Adding res/drawable-xhdpi-v4/appicon.png
[DEBUG]  Adding res/drawable-xhdpi-v4/background.png
[DEBUG]  Adding res/drawable-xhdpi-v4/notificationicon.png
[DEBUG]  Adding res/drawable-xxhdpi-v4/abc_ab_share_pack_mtrl_alpha.9.png
[DEBUG]  Adding res/drawable-xxhdpi-v4/abc_btn_check_to_on_mtrl_000.png
[DEBUG]  Adding res/drawable-xxhdpi-v4/abc_btn_check_to_on_mtrl_015.png
[DEBUG]  Adding res/drawable-xxhdpi-v4/abc_btn_radio_to_on_mtrl_000.png
[DEBUG]  Adding res/drawable-xxhdpi-v4/abc_btn_radio_to_on_mtrl_015.png
[DEBUG]  Adding res/drawable-xxhdpi-v4/abc_btn_rating_star_off_mtrl_alpha.png
[DEBUG]  Adding res/drawable-xxhdpi-v4/abc_btn_rating_star_on_mtrl_alpha.png
[DEBUG]  Adding res/drawable-xxhdpi-v4/abc_btn_switch_to_on_mtrl_00001.9.png
[DEBUG]  Adding res/drawable-xxhdpi-v4/abc_btn_switch_to_on_mtrl_00012.9.png
[DEBUG]  Adding res/drawable-xxhdpi-v4/abc_cab_background_top_mtrl_alpha.9.png
[DEBUG]  Adding res/drawable-xxhdpi-v4/abc_ic_ab_back_mtrl_am_alpha.png
[DEBUG]  Adding res/drawable-xxhdpi-v4/abc_ic_clear_mtrl_alpha.png
[DEBUG]  Adding res/drawable-xxhdpi-v4/abc_ic_commit_search_api_mtrl_alpha.png
[DEBUG]  Adding res/drawable-xxhdpi-v4/abc_ic_go_search_api_mtrl_alpha.png
[DEBUG]  Adding res/drawable-xxhdpi-v4/abc_ic_menu_copy_mtrl_am_alpha.png
[DEBUG]  Adding res/drawable-xxhdpi-v4/abc_ic_menu_cut_mtrl_alpha.png
[DEBUG]  Adding res/drawable-xxhdpi-v4/abc_ic_menu_moreoverflow_mtrl_alpha.png
[DEBUG]  Adding res/drawable-xxhdpi-v4/abc_ic_menu_paste_mtrl_am_alpha.png
[DEBUG]  Adding res/drawable-xxhdpi-v4/abc_ic_menu_selectall_mtrl_alpha.png
[DEBUG]  Adding res/drawable-xxhdpi-v4/abc_ic_menu_share_mtrl_alpha.png
[DEBUG]  Adding res/drawable-xxhdpi-v4/abc_ic_search_api_mtrl_alpha.png
[DEBUG]  Adding res/drawable-xxhdpi-v4/abc_ic_voice_search_api_mtrl_alpha.png
[DEBUG]  Adding res/drawable-xxhdpi-v4/abc_list_divider_mtrl_alpha.9.png
[DEBUG]  Adding res/drawable-xxhdpi-v4/abc_list_focused_holo.9.png
[DEBUG]  Adding res/drawable-xxhdpi-v4/abc_list_longpressed_holo.9.png
[DEBUG]  Adding res/drawable-xxhdpi-v4/abc_list_pressed_holo_dark.9.png
[DEBUG]  Adding res/drawable-xxhdpi-v4/abc_list_pressed_holo_light.9.png
[DEBUG]  Adding res/drawable-xxhdpi-v4/abc_list_selector_disabled_holo_dark.9.png
[DEBUG]  Adding res/drawable-xxhdpi-v4/abc_list_selector_disabled_holo_light.9.png
[DEBUG]  Adding res/drawable-xxhdpi-v4/abc_menu_hardkey_panel_mtrl_mult.9.png
[DEBUG]  Adding res/drawable-xxhdpi-v4/abc_popup_background_mtrl_mult.9.png
[DEBUG]  Adding res/drawable-xxhdpi-v4/abc_scrubber_control_off_mtrl_alpha.png
[DEBUG]  Adding res/drawable-xxhdpi-v4/abc_scrubber_control_to_pressed_mtrl_000.png
[DEBUG]  Adding res/drawable-xxhdpi-v4/abc_scrubber_control_to_pressed_mtrl_005.png
[DEBUG]  Adding res/drawable-xxhdpi-v4/abc_scrubber_primary_mtrl_alpha.9.png
[DEBUG]  Adding res/drawable-xxhdpi-v4/abc_scrubber_track_mtrl_alpha.9.png
[DEBUG]  Adding res/drawable-xxhdpi-v4/abc_spinner_mtrl_am_alpha.9.png
[DEBUG]  Adding res/drawable-xxhdpi-v4/abc_switch_track_mtrl_alpha.9.png
[DEBUG]  Adding res/drawable-xxhdpi-v4/abc_tab_indicator_mtrl_alpha.9.png
[DEBUG]  Adding res/drawable-xxhdpi-v4/abc_textfield_activated_mtrl_alpha.9.png
[DEBUG]  Adding res/drawable-xxhdpi-v4/abc_textfield_default_mtrl_alpha.9.png
[DEBUG]  Adding res/drawable-xxhdpi-v4/abc_textfield_search_activated_mtrl_alpha.9.png
[DEBUG]  Adding res/drawable-xxhdpi-v4/abc_textfield_search_default_mtrl_alpha.9.png
[DEBUG]  Adding res/drawable-xxhdpi-v4/appicon.png
[DEBUG]  Adding res/drawable-xxhdpi-v4/background.png
[DEBUG]  Adding res/drawable-xxhdpi-v4/notificationicon.png
[DEBUG]  Adding res/drawable-xxxhdpi-v4/abc_btn_check_to_on_mtrl_000.png
[DEBUG]  Adding res/drawable-xxxhdpi-v4/abc_btn_check_to_on_mtrl_015.png
[DEBUG]  Adding res/drawable-xxxhdpi-v4/abc_btn_radio_to_on_mtrl_000.png
[DEBUG]  Adding res/drawable-xxxhdpi-v4/abc_btn_radio_to_on_mtrl_015.png
[DEBUG]  Adding res/drawable-xxxhdpi-v4/abc_btn_switch_to_on_mtrl_00001.9.png
[DEBUG]  Adding res/drawable-xxxhdpi-v4/abc_btn_switch_to_on_mtrl_00012.9.png
[DEBUG]  Adding res/drawable-xxxhdpi-v4/abc_ic_ab_back_mtrl_am_alpha.png
[DEBUG]  Adding res/drawable-xxxhdpi-v4/abc_ic_clear_mtrl_alpha.png
[DEBUG]  Adding res/drawable-xxxhdpi-v4/abc_ic_menu_copy_mtrl_am_alpha.png
[DEBUG]  Adding res/drawable-xxxhdpi-v4/abc_ic_menu_cut_mtrl_alpha.png
[DEBUG]  Adding res/drawable-xxxhdpi-v4/abc_ic_menu_moreoverflow_mtrl_alpha.png
[DEBUG]  Adding res/drawable-xxxhdpi-v4/abc_ic_menu_paste_mtrl_am_alpha.png
[DEBUG]  Adding res/drawable-xxxhdpi-v4/abc_ic_menu_selectall_mtrl_alpha.png
[DEBUG]  Adding res/drawable-xxxhdpi-v4/abc_ic_menu_share_mtrl_alpha.png
[DEBUG]  Adding res/drawable-xxxhdpi-v4/abc_ic_search_api_mtrl_alpha.png
[DEBUG]  Adding res/drawable-xxxhdpi-v4/abc_ic_voice_search_api_mtrl_alpha.png
[DEBUG]  Adding res/drawable-xxxhdpi-v4/abc_scrubber_control_to_pressed_mtrl_000.png
[DEBUG]  Adding res/drawable-xxxhdpi-v4/abc_scrubber_control_to_pressed_mtrl_005.png
[DEBUG]  Adding res/drawable-xxxhdpi-v4/abc_spinner_mtrl_am_alpha.9.png
[DEBUG]  Adding res/drawable-xxxhdpi-v4/abc_switch_track_mtrl_alpha.9.png
[DEBUG]  Adding res/drawable-xxxhdpi-v4/abc_tab_indicator_mtrl_alpha.9.png
[DEBUG]  Adding res/drawable-xxxhdpi-v4/appicon.png
[DEBUG]  Adding res/drawable-xxxhdpi-v4/background.png
[DEBUG]  Adding res/drawable-xxxhdpi-v4/notificationicon.png
[DEBUG]  Deflating res/drawable/abc_btn_borderless_material.xml
[DEBUG]  Deflating res/drawable/abc_btn_check_material.xml
[DEBUG]  Deflating res/drawable/abc_btn_colored_material.xml
[DEBUG]  Deflating res/drawable/abc_btn_default_mtrl_shape.xml
[DEBUG]  Deflating res/drawable/abc_btn_radio_material.xml
[DEBUG]  Deflating res/drawable/abc_cab_background_internal_bg.xml
[DEBUG]  Deflating res/drawable/abc_cab_background_top_material.xml
[DEBUG]  Deflating res/drawable/abc_dialog_material_background_dark.xml
[DEBUG]  Deflating res/drawable/abc_dialog_material_background_light.xml
[DEBUG]  Deflating res/drawable/abc_edit_text_material.xml
[DEBUG]  Deflating res/drawable/abc_item_background_holo_dark.xml
[DEBUG]  Deflating res/drawable/abc_item_background_holo_light.xml
[DEBUG]  Deflating res/drawable/abc_list_selector_background_transition_holo_dark.xml
[DEBUG]  Deflating res/drawable/abc_list_selector_background_transition_holo_light.xml
[DEBUG]  Deflating res/drawable/abc_list_selector_holo_dark.xml
[DEBUG]  Deflating res/drawable/abc_list_selector_holo_light.xml
[DEBUG]  Deflating res/drawable/abc_ratingbar_full_material.xml
[DEBUG]  Deflating res/drawable/abc_seekbar_thumb_material.xml
[DEBUG]  Deflating res/drawable/abc_seekbar_track_material.xml
[DEBUG]  Deflating res/drawable/abc_spinner_textfield_background_material.xml
[DEBUG]  Deflating res/drawable/abc_switch_thumb_material.xml
[DEBUG]  Deflating res/drawable/abc_tab_indicator_material.xml
[DEBUG]  Deflating res/drawable/abc_text_cursor_material.xml
[DEBUG]  Deflating res/drawable/abc_textfield_search_material.xml
[DEBUG]  Adding res/drawable/appicon.png
[DEBUG]  Adding res/drawable/background.png
[DEBUG]  Adding res/drawable/btn_check_buttonless_on_64.png
[DEBUG]  Adding res/drawable/btn_more_64.png
[DEBUG]  Adding res/drawable/disclosure_64.png
[DEBUG]  Deflating res/layout-v17/abc_alert_dialog_button_bar_material.xml
[DEBUG]  Deflating res/layout-v17/abc_alert_dialog_material.xml
[DEBUG]  Deflating res/layout-v17/abc_dialog_title_material.xml
[DEBUG]  Deflating res/layout-v17/abc_search_view.xml
[DEBUG]  Deflating res/layout-v17/notification_template_big_media.xml
[DEBUG]  Deflating res/layout-v17/notification_template_big_media_narrow.xml
[DEBUG]  Deflating res/layout-v17/notification_template_lines.xml
[DEBUG]  Deflating res/layout-v17/notification_template_media.xml
[DEBUG]  Deflating res/layout-v17/notification_template_part_chronometer.xml
[DEBUG]  Deflating res/layout-v17/notification_template_part_time.xml
[DEBUG]  Deflating res/layout-v17/select_dialog_multichoice_material.xml
[DEBUG]  Deflating res/layout-v17/select_dialog_singlechoice_material.xml
[DEBUG]  Deflating res/layout-v21/abc_screen_toolbar.xml
[DEBUG]  Deflating res/layout-v21/titanium_ui_date_picker_spinner.xml
[DEBUG]  Deflating res/layout-v21/titanium_ui_time_picker_spinner.xml
[DEBUG]  Deflating res/layout/abc_action_bar_title_item.xml
[DEBUG]  Deflating res/layout/abc_action_bar_up_container.xml
[DEBUG]  Deflating res/layout/abc_action_bar_view_list_nav_layout.xml
[DEBUG]  Deflating res/layout/abc_action_menu_item_layout.xml
[DEBUG]  Deflating res/layout/abc_action_menu_layout.xml
[DEBUG]  Deflating res/layout/abc_action_mode_bar.xml
[DEBUG]  Deflating res/layout/abc_action_mode_close_item_material.xml
[DEBUG]  Deflating res/layout/abc_activity_chooser_view.xml
[DEBUG]  Deflating res/layout/abc_activity_chooser_view_list_item.xml
[DEBUG]  Deflating res/layout/abc_alert_dialog_button_bar_material.xml
[DEBUG]  Deflating res/layout/abc_alert_dialog_material.xml
[DEBUG]  Deflating res/layout/abc_dialog_title_material.xml
[DEBUG]  Deflating res/layout/abc_expanded_menu_layout.xml
[DEBUG]  Deflating res/layout/abc_list_menu_item_checkbox.xml
[DEBUG]  Deflating res/layout/abc_list_menu_item_icon.xml
[DEBUG]  Deflating res/layout/abc_list_menu_item_layout.xml
[DEBUG]  Deflating res/layout/abc_list_menu_item_radio.xml
[DEBUG]  Deflating res/layout/abc_popup_menu_item_layout.xml
[DEBUG]  Deflating res/layout/abc_screen_content_include.xml
[DEBUG]  Deflating res/layout/abc_screen_simple.xml
[DEBUG]  Deflating res/layout/abc_screen_simple_overlay_action_mode.xml
[DEBUG]  Deflating res/layout/abc_screen_toolbar.xml
[DEBUG]  Deflating res/layout/abc_search_dropdown_item_icons_2line.xml
[DEBUG]  Deflating res/layout/abc_search_view.xml
[DEBUG]  Deflating res/layout/abc_select_dialog_material.xml
[DEBUG]  Deflating res/layout/notification_media_action.xml
[DEBUG]  Deflating res/layout/notification_media_cancel_action.xml
[DEBUG]  Deflating res/layout/notification_template_big_media.xml
[DEBUG]  Deflating res/layout/notification_template_big_media_narrow.xml
[DEBUG]  Deflating res/layout/notification_template_lines.xml
[DEBUG]  Deflating res/layout/notification_template_media.xml
[DEBUG]  Deflating res/layout/notification_template_part_chronometer.xml
[DEBUG]  Deflating res/layout/notification_template_part_time.xml
[DEBUG]  Deflating res/layout/select_dialog_item_material.xml
[DEBUG]  Deflating res/layout/select_dialog_multichoice_material.xml
[DEBUG]  Deflating res/layout/select_dialog_singlechoice_material.xml
[DEBUG]  Deflating res/layout/support_simple_spinner_dropdown_item.xml
[DEBUG]  Deflating res/layout/titanium_tabgroup.xml
[DEBUG]  Deflating res/layout/titanium_ui_checkbox.xml
[DEBUG]  Deflating res/layout/titanium_ui_date_picker_spinner.xml
[DEBUG]  Deflating res/layout/titanium_ui_edittext.xml
[DEBUG]  Deflating res/layout/titanium_ui_list_header_or_footer.xml
[DEBUG]  Deflating res/layout/titanium_ui_list_item.xml
[DEBUG]  Deflating res/layout/titanium_ui_spinner.xml
[DEBUG]  Deflating res/layout/titanium_ui_switchcompat.xml
[DEBUG]  Deflating res/layout/titanium_ui_time_picker_spinner.xml
[DEBUG]  Deflating resources.arsc
[DEBUG]  Processing /Users/aakashsharma/Library/Application Support/Titanium/mobilesdk/osx/5.5.0.GA/android/kroll-v8.jar
[DEBUG]  Processing /Users/aakashsharma/Library/Application Support/Titanium/mobilesdk/osx/5.5.0.GA/android/modules/titanium-analytics.jar
[DEBUG]  Processing /Users/aakashsharma/Library/Application Support/Titanium/mobilesdk/osx/5.5.0.GA/android/aps-analytics.jar
[DEBUG]  Processing /Users/aakashsharma/Library/Application Support/Titanium/mobilesdk/osx/5.5.0.GA/android/modules/titanium-android.jar
[DEBUG]  Processing /Users/aakashsharma/Library/Application Support/Titanium/mobilesdk/osx/5.5.0.GA/android/jaxen-1.1.1.jar
[DEBUG]  Processing /Users/aakashsharma/Library/Application Support/Titanium/mobilesdk/osx/5.5.0.GA/android/ti-commons-codec-1.3.jar
[DEBUG]  Processing /Users/aakashsharma/Library/Application Support/Titanium/mobilesdk/osx/5.5.0.GA/android/kroll-common.jar
[DEBUG]  Processing /Users/aakashsharma/Library/Application Support/Titanium/mobilesdk/osx/5.5.0.GA/android/titanium.jar
[DEBUG]  Deflating org/appcelerator/titanium/build.properties
[DEBUG]  Adding org/appcelerator/titanium/res/drawable/background.png
[DEBUG]  Adding org/appcelerator/titanium/res/drawable/btn_check_buttonless_on.png
[DEBUG]  Adding org/appcelerator/titanium/res/drawable/btn_check_buttonless_on_100.png
[DEBUG]  Adding org/appcelerator/titanium/res/drawable/btn_check_buttonless_on_18.png
[DEBUG]  Adding org/appcelerator/titanium/res/drawable/btn_check_buttonless_on_48.png
[DEBUG]  Adding org/appcelerator/titanium/res/drawable/btn_check_buttonless_on_64.png
[DEBUG]  Adding org/appcelerator/titanium/res/drawable/btn_more.png
[DEBUG]  Adding org/appcelerator/titanium/res/drawable/btn_more_100.png
[DEBUG]  Adding org/appcelerator/titanium/res/drawable/btn_more_18.png
[DEBUG]  Adding org/appcelerator/titanium/res/drawable/btn_more_48.png
[DEBUG]  Adding org/appcelerator/titanium/res/drawable/btn_more_64.png
[DEBUG]  Adding org/appcelerator/titanium/res/drawable/btn_picker_normal.9.png
[DEBUG]  Adding org/appcelerator/titanium/res/drawable/btn_picker_pressed.9.png
[DEBUG]  Adding org/appcelerator/titanium/res/drawable/btn_picker_selected.9.png
[DEBUG]  Adding org/appcelerator/titanium/res/drawable/default_icon.png
[DEBUG]  Adding org/appcelerator/titanium/res/drawable/photoDefault.png
[DEBUG]  Processing /Users/aakashsharma/Library/Application Support/Titanium/mobilesdk/osx/5.5.0.GA/android/modules/titanium-filesystem.jar
[DEBUG]  Processing /Users/aakashsharma/Library/Application Support/Titanium/mobilesdk/osx/5.5.0.GA/android/modules/titanium-app.jar
[DEBUG]  Processing /Users/aakashsharma/Library/Application Support/Titanium/mobilesdk/osx/5.5.0.GA/android/modules/titanium-ui.jar
[DEBUG]  Deflating ti/modules/titanium/ui/widget/webview/binding.js
[DEBUG]  Deflating ti/modules/titanium/ui/widget/webview/binding.min.js
[DEBUG]  Deflating ti/modules/titanium/ui/widget/webview/json2.js
[DEBUG]  Deflating ti/modules/titanium/ui/widget/webview/polling.js
[DEBUG]  Deflating ti/modules/titanium/ui/widget/webview/polling.min.js
[DEBUG]  Processing /Users/aakashsharma/Library/Application Support/Titanium/mobilesdk/osx/5.5.0.GA/android/nineoldandroids-appc-2.4.0.jar
[DEBUG]  Processing /Users/aakashsharma/Library/Application Support/Titanium/mobilesdk/osx/5.5.0.GA/android/modules/titanium-media.jar
[DEBUG]  Processing /Users/aakashsharma/Library/Application Support/Titanium/mobilesdk/osx/5.5.0.GA/android/modules/titanium-appcompat.jar
[DEBUG]  Processing /Users/aakashsharma/Library/Application Support/Titanium/mobilesdk/osx/5.5.0.GA/android/android-support-v4.jar
[DEBUG]  Processing /Users/aakashsharma/Library/Application Support/Titanium/mobilesdk/osx/5.5.0.GA/android/android-support-v7-appcompat.jar
[DEBUG]  Processing /Users/aakashsharma/Library/Application Support/Titanium/mobilesdk/osx/5.5.0.GA/android/modules/titanium-cardview.jar
[DEBUG]  Processing /Users/aakashsharma/Library/Application Support/Titanium/mobilesdk/osx/5.5.0.GA/android/cardview-v7-23.0.1.jar
[DEBUG]  Processing /Users/aakashsharma/Library/Application Support/Titanium/mobilesdk/osx/5.5.0.GA/android/modules/titanium-locale.jar
[DEBUG]  Processing /Users/aakashsharma/Library/Application Support/Titanium/mobilesdk/osx/5.5.0.GA/android/modules/titanium-network.jar
[DEBUG]  Processing /Users/aakashsharma/Library/Application Support/Titanium/mobilesdk/osx/5.5.0.GA/android/modules/titanium-xml.jar
[DEBUG]  Processing /Users/aakashsharma/Library/Application Support/Titanium/mobilesdk/osx/5.5.0.GA/android/modules/titanium-utils.jar
[DEBUG]  Processing /Users/aakashsharma/Library/Application Support/Titanium/mobilesdk/osx/5.5.0.GA/android/modules/titanium-geolocation.jar
[DEBUG]  Processing /Users/aakashsharma/Library/Application Support/Titanium/mobilesdk/osx/5.5.0.GA/android/modules/titanium-accelerometer.jar
[DEBUG]  Processing /Users/aakashsharma/Library/Application Support/Titanium/mobilesdk/osx/5.5.0.GA/android/modules/titanium-contacts.jar
[DEBUG]  Processing /Users/aakashsharma/Library/Application Support/Titanium/mobilesdk/osx/5.5.0.GA/android/modules/titanium-map.jar
[DEBUG]  Processing /Users/aakashsharma/Library/Application Support/Titanium/mobilesdk/osx/5.5.0.GA/android/modules/titanium-calendar.jar
[DEBUG]  Processing /Users/aakashsharma/Library/Application Support/Titanium/mobilesdk/osx/5.5.0.GA/android/modules/titanium-gesture.jar
[DEBUG]  Processing /Users/aakashsharma/Library/Application Support/Titanium/mobilesdk/osx/5.5.0.GA/android/modules/titanium-platform.jar
[DEBUG]  Processing /Users/aakashsharma/Library/Application Support/Titanium/mobilesdk/osx/5.5.0.GA/android/modules/titanium-database.jar
[DEBUG]  Adding classes.dex
[INFO]   Processing /Users/aakashsharma/Desktop/testPickerWidget/build/android/src
[DEBUG]  Adding lib/armeabi/libkroll-v8.so
[DEBUG]  Adding lib/armeabi/libstlport_shared.so
[DEBUG]  Adding lib/armeabi/libtiverify.so
[DEBUG]  Adding lib/armeabi-v7a/libkroll-v8.so
[DEBUG]  Adding lib/armeabi-v7a/libstlport_shared.so
[DEBUG]  Adding lib/armeabi-v7a/libtiverify.so
[DEBUG]  Adding lib/x86/libkroll-v8.so
[DEBUG]  Adding lib/x86/libstlport_shared.so
[DEBUG]  Adding lib/x86/libtiverify.so
[INFO]   Writing unsigned apk: /Users/aakashsharma/Desktop/testPickerWidget/build/android/bin/app-unsigned.apk
[INFO]   Using MD5withRSA signature algorithm
[INFO]   Signing apk: /Library/Java/JavaVirtualMachines/jdk1.7.0_80.jdk/Contents/Home/bin/jarsigner "-sigalg" "MD5withRSA" "-digestalg" "SHA1" "-keystore" "/Users/aakashsharma/Library/Application Support/Titanium/mobilesdk/osx/5.5.0.GA/android/dev_keystore" "-storepass" "*******" "-signedjar" "/Users/aakashsharma/Desktop/testPickerWidget/build/android/bin/testPickerWidget.apk" "/Users/aakashsharma/Desktop/testPickerWidget/build/android/bin/app-unsigned.apk" "tidev"
[INFO]   Aligning zip file: /Volumes/Data/AndroidSdk/android-sdk-19/build-tools/23.0.1/zipalign "-v" "4" "/Users/aakashsharma/Desktop/testPickerWidget/build/android/bin/testPickerWidget.apk" "/Users/aakashsharma/Desktop/testPickerWidget/build/android/bin/testPickerWidget.apkz"
[INFO]   Writing build manifest: /Users/aakashsharma/Desktop/testPickerWidget/build/android/build-manifest.json
[INFO]   Making sure the adb server is running
[INFO]   Installing apk: /Users/aakashsharma/Desktop/testPickerWidget/build/android/bin/testPickerWidget.apk
[TRACE]  Checking if package manager service is started
[TRACE]  Package manager has started
[TRACE]  Executing: /Volumes/Data/AndroidSdk/android-sdk-19/platform-tools/adb -s 192.168.56.101:5555 install -r -d /Users/aakashsharma/Desktop/testPickerWidget/build/android/bin/testPickerWidget.apk
[INFO]   App successfully installed
[INFO]   Starting app: com.cdn/.TestpickerwidgetActivity
[DEBUG]  Trying to start the app...
[INFO]   Application pid: 2099
[INFO]   Project built successfully in 1m 18s 325ms
